#
# There is insufficient memory for the Java Runtime Environment to continue.
# Native memory allocation (malloc) failed to allocate 32744 bytes for ChunkPool::allocate
# Possible reasons:
#   The system is out of physical RAM or swap space
#   The process is running with CompressedOops enabled, and the Java Heap may be blocking the growth of the native heap
# Possible solutions:
#   Reduce memory load on the system
#   Increase physical memory or swap space
#   Check if swap backing store is full
#   Decrease Java heap size (-Xmx/-Xms)
#   Decrease number of Java threads
#   Decrease Java thread stack sizes (-Xss)
#   Set larger code cache with -XX:ReservedCodeCacheSize=
#   JVM is running with Unscaled Compressed Oops mode in which the Java heap is
#     placed in the first 4GB address space. The Java Heap base address is the
#     maximum limit for the native heap growth. Please use -XX:HeapBaseMinAddress
#     to set the Java Heap base and to place the Java Heap above 4GB virtual address.
# This output file may be truncated or incomplete.
#
#  Out of Memory Error (allocation.cpp:272), pid=12768, tid=0x0000000000002ad4
#
# JRE version: Java(TM) SE Runtime Environment (8.0_251-b08) (build 1.8.0_251-b08)
# Java VM: Java HotSpot(TM) 64-Bit Server VM (25.251-b08 mixed mode windows-amd64 compressed oops)
# Failed to write core dump. Minidumps are not enabled by default on client versions of Windows
#

---------------  T H R E A D  ---------------

Current thread (0x0000000013dd8800):  JavaThread "C1 CompilerThread2" daemon [_thread_in_native, id=10964, stack(0x00000000141d0000,0x00000000142d0000)]

Stack: [0x00000000141d0000,0x00000000142d0000]
[error occurred during error reporting (printing stack bounds), id 0xc0000005]

Native frames: (J=compiled Java code, j=interpreted, Vv=VM code, C=native code)


Current CompileTask:
C1:   1114   26       3       java.lang.String::toLowerCase (439 bytes)


---------------  P R O C E S S  ---------------

Java Threads: ( => current thread )
  0x000000001259e000 JavaThread "Service Thread" daemon [_thread_blocked, id=5448, stack(0x00000000142d0000,0x00000000143d0000)]
=>0x0000000013dd8800 JavaThread "C1 CompilerThread2" daemon [_thread_in_native, id=10964, stack(0x00000000141d0000,0x00000000142d0000)]
  0x0000000012562800 JavaThread "C2 CompilerThread1" daemon [_thread_in_vm, id=11556, stack(0x0000000013cd0000,0x0000000013dd0000)]
  0x0000000012543800 JavaThread "C2 CompilerThread0" daemon [_thread_in_native, id=10752, stack(0x0000000013bd0000,0x0000000013cd0000)]
  0x0000000012540000 JavaThread "Attach Listener" daemon [_thread_blocked, id=10404, stack(0x0000000013ad0000,0x0000000013bd0000)]
  0x000000001253f000 JavaThread "Signal Dispatcher" daemon [_thread_blocked, id=6100, stack(0x00000000139d0000,0x0000000013ad0000)]
  0x000000000234e000 JavaThread "Finalizer" daemon [_thread_blocked, id=14096, stack(0x0000000013790000,0x0000000013890000)]
  0x0000000012529800 JavaThread "Reference Handler" daemon [_thread_blocked, id=13568, stack(0x0000000013690000,0x0000000013790000)]
  0x0000000002252800 JavaThread "main" [_thread_blocked, id=13344, stack(0x0000000000960000,0x0000000000a60000)]

Other Threads:
  0x0000000012508000 VMThread [stack: 0x0000000013590000,0x0000000013690000] [id=10320]
  0x0000000013dee000 WatcherThread [stack: 0x00000000143d0000,0x00000000144d0000] [id=13520]

VM state:synchronizing (normal execution)

VM Mutex/Monitor currently owned by a thread:  ([mutex/lock_event])
[0x000000000095df00] Threads_lock - owner thread: 0x0000000012508000
[0x000000000095e580] Heap_lock - owner thread: 0x0000000002252800

heap address: 0x00000000ff000000, size: 16 MB, Compressed Oops mode: 32-bit
Narrow klass base: 0x0000000000000000, Narrow klass shift: 3
Compressed class space size: 1073741824 Address: 0x0000000100000000

Heap:
 PSYoungGen      total 4608K, used 1770K [0x00000000ffb00000, 0x0000000100000000, 0x0000000100000000)
  eden space 4096K, 43% used [0x00000000ffb00000,0x00000000ffcbaa60,0x00000000fff00000)
  from space 512K, 0% used [0x00000000fff80000,0x00000000fff80000,0x0000000100000000)
  to   space 512K, 0% used [0x00000000fff00000,0x00000000fff00000,0x00000000fff80000)
 ParOldGen       total 11264K, used 0K [0x00000000ff000000, 0x00000000ffb00000, 0x00000000ffb00000)
  object space 11264K, 0% used [0x00000000ff000000,0x00000000ff000000,0x00000000ffb00000)
 Metaspace       used 4389K, capacity 4586K, committed 4608K, reserved 1060864K
  class space    used 474K, capacity 490K, committed 512K, reserved 1048576K

Card table byte_map: [0x0000000000a70000,0x0000000000a80000] byte_map_base: 0x0000000000278000

Marking Bits: (ParMarkBitMap*) 0x000000007160af90
 Begin Bits: [0x0000000011b10000, 0x0000000011b50000)
 End Bits:   [0x0000000011b50000, 0x0000000011b90000)

Polling page: 0x0000000000500000

CodeCache: size=245760Kb used=1131Kb max_used=1131Kb free=244628Kb
 bounds [0x0000000002350000, 0x00000000025c0000, 0x0000000011350000]
 total_blobs=296 nmethods=25 adapters=185
 compilation: enabled

Compilation events (10 events):
Event: 0.469 Thread 0x0000000012562800 nmethod 21 0x0000000002467190 code [0x00000000024672e0, 0x0000000002467398]
Event: 0.530 Thread 0x0000000013dd8800   22       3       java.lang.StringBuilder::append (8 bytes)
Event: 0.530 Thread 0x0000000013dd8800 nmethod 22 0x0000000002466610 code [0x0000000002466780, 0x0000000002466908]
Event: 0.534 Thread 0x0000000013dd8800   23       3       java.util.jar.Attributes$Name::isValid (32 bytes)
Event: 0.534 Thread 0x0000000013dd8800 nmethod 23 0x0000000002465b50 code [0x0000000002465cc0, 0x0000000002465f78]
Event: 0.534 Thread 0x0000000013dd8800   24       3       java.util.jar.Attributes$Name::isAlpha (30 bytes)
Event: 0.534 Thread 0x0000000013dd8800 nmethod 24 0x0000000002465750 code [0x00000000024658a0, 0x0000000002465ad0]
Event: 0.547 Thread 0x0000000013dd8800   25       3       java.lang.Math::min (11 bytes)
Event: 0.547 Thread 0x0000000013dd8800 nmethod 25 0x0000000002465210 code [0x0000000002465360, 0x00000000024654f0]
Event: 0.550 Thread 0x0000000013dd8800   26       3       java.lang.String::toLowerCase (439 bytes)

GC Heap History (0 events):
No events

Deoptimization events (0 events):
No events

Classes redefined (0 events):
No events

Internal exceptions (2 events):
Event: 0.352 Thread 0x0000000002252800 Exception <a 'java/lang/NoSuchMethodError': Method sun.misc.Unsafe.defineClass(Ljava/lang/String;[BII)Ljava/lang/Class; name or signature does not match> (0x00000000ffb07cc0) thrown at [C:\jenkins\workspace\8-2-build-windows-amd64-cygwin\jdk8u251\737\hots
Event: 0.352 Thread 0x0000000002252800 Exception <a 'java/lang/NoSuchMethodError': Method sun.misc.Unsafe.prefetchRead(Ljava/lang/Object;J)V name or signature does not match> (0x00000000ffb07fa8) thrown at [C:\jenkins\workspace\8-2-build-windows-amd64-cygwin\jdk8u251\737\hotspot\src\share\vm\p

Events (10 events):
Event: 0.551 loading class sun/misc/FloatingDecimal$ExceptionalBinaryToASCIIBuffer done
Event: 0.551 loading class sun/misc/FloatingDecimal$BinaryToASCIIBuffer
Event: 0.551 loading class sun/misc/FloatingDecimal$BinaryToASCIIBuffer done
Event: 0.551 loading class sun/misc/FloatingDecimal$1
Event: 0.551 loading class sun/misc/FloatingDecimal$1 done
Event: 0.551 loading class sun/misc/FloatingDecimal$PreparedASCIIToBinaryBuffer
Event: 0.551 loading class sun/misc/FloatingDecimal$ASCIIToBinaryConverter
Event: 0.551 loading class sun/misc/FloatingDecimal$ASCIIToBinaryConverter done
Event: 0.551 loading class sun/misc/FloatingDecimal$PreparedASCIIToBinaryBuffer done
Event: 0.551 loading class sun/misc/FDBigInteger


Dynamic libraries:
0x0000000140000000 - 0x00000001400c5000 	C:\Program Files\Java\jdk1.8.0_251\bin\javaw.exe
0x00007ffed84f0000 - 0x00007ffed86e8000 	C:\WINDOWS\SYSTEM32\ntdll.dll
0x00007ffed6820000 - 0x00007ffed68df000 	C:\WINDOWS\System32\KERNEL32.DLL
0x00007ffed5e40000 - 0x00007ffed6136000 	C:\WINDOWS\System32\KERNELBASE.dll
0x00007ffed68e0000 - 0x00007ffed698f000 	C:\WINDOWS\System32\ADVAPI32.dll
0x00007ffed83b0000 - 0x00007ffed844e000 	C:\WINDOWS\System32\msvcrt.dll
0x00007ffed69f0000 - 0x00007ffed6a8c000 	C:\WINDOWS\System32\sechost.dll
0x00007ffed7610000 - 0x00007ffed7736000 	C:\WINDOWS\System32\RPCRT4.dll
0x00007ffed6550000 - 0x00007ffed66ed000 	C:\WINDOWS\System32\USER32.dll
0x00007ffed6140000 - 0x00007ffed6162000 	C:\WINDOWS\System32\win32u.dll
0x00007ffed8180000 - 0x00007ffed81ac000 	C:\WINDOWS\System32\GDI32.dll
0x00007ffed62a0000 - 0x00007ffed63b5000 	C:\WINDOWS\System32\gdi32full.dll
0x00007ffed5da0000 - 0x00007ffed5e3d000 	C:\WINDOWS\System32\msvcp_win.dll
0x00007ffed63c0000 - 0x00007ffed64c0000 	C:\WINDOWS\System32\ucrtbase.dll
0x00007ffec4430000 - 0x00007ffec46ca000 	C:\WINDOWS\WinSxS\amd64_microsoft.windows.common-controls_6595b64144ccf1df_6.0.19041.1110_none_60b5254171f9507e\COMCTL32.dll
0x00007ffed8360000 - 0x00007ffed8390000 	C:\WINDOWS\System32\IMM32.DLL
0x0000000072550000 - 0x0000000072622000 	C:\Program Files\Java\jdk1.8.0_251\jre\bin\msvcr100.dll
0x0000000070de0000 - 0x000000007168b000 	C:\Program Files\Java\jdk1.8.0_251\jre\bin\server\jvm.dll
0x00007ffed6a90000 - 0x00007ffed6a98000 	C:\WINDOWS\System32\PSAPI.DLL
0x00007ffecc5f0000 - 0x00007ffecc617000 	C:\WINDOWS\SYSTEM32\WINMM.dll
0x00007ffecc690000 - 0x00007ffecc69a000 	C:\WINDOWS\SYSTEM32\VERSION.dll
0x00007ffec7870000 - 0x00007ffec7879000 	C:\WINDOWS\SYSTEM32\WSOCK32.dll
0x00007ffed8210000 - 0x00007ffed827b000 	C:\WINDOWS\System32\WS2_32.dll
0x00007ffed1f40000 - 0x00007ffed1f4f000 	C:\Program Files\Java\jdk1.8.0_251\jre\bin\verify.dll
0x00007ffec88e0000 - 0x00007ffec8909000 	C:\Program Files\Java\jdk1.8.0_251\jre\bin\java.dll
0x00007ffeceb20000 - 0x00007ffeceb36000 	C:\Program Files\Java\jdk1.8.0_251\jre\bin\zip.dll
0x00007ffed7980000 - 0x00007ffed80c4000 	C:\WINDOWS\System32\SHELL32.dll
0x00007ffed3870000 - 0x00007ffed4003000 	C:\WINDOWS\SYSTEM32\windows.storage.dll
0x00007ffed6aa0000 - 0x00007ffed6df4000 	C:\WINDOWS\System32\combase.dll
0x00007ffed5620000 - 0x00007ffed564e000 	C:\WINDOWS\SYSTEM32\Wldp.dll
0x00007ffed6770000 - 0x00007ffed681d000 	C:\WINDOWS\System32\SHCORE.dll
0x00007ffed81b0000 - 0x00007ffed8205000 	C:\WINDOWS\System32\shlwapi.dll
0x00007ffed5b10000 - 0x00007ffed5b2f000 	C:\WINDOWS\SYSTEM32\profapi.dll

VM Arguments:
jvm_args: -Xmx16m 
java_command: org.eclipse.jdt.internal.launching.support.LibraryDetector
java_class_path (initial): C:\Users\Eriq\AppData\Roaming\Code\User\globalStorage\redhat.java\1.15.0\config_win\org.eclipse.osgi\53\0\.cp\lib\launchingsupport.jar
Launcher Type: SUN_STANDARD

Environment Variables:
JAVA_HOME=C:\Program Files\Java\jdk1.8.0_251
CLASSPATH=.;H:\Eriq_RohWeltall\Prog\Java\Java_Drivers\tika-app-2.5.0.jar;H:\Eriq_RohWeltall\Prog\Java\Java_Drivers\postgresql-42.5.0.jar;H:\Eriq_RohWeltall\Prog\Java\Java_Drivers\ojdbc6.jar;H:\Eriq_RohWeltall\Prog\Java\Java_Drivers\servlet-api.jar;H:\Eriq_RohWeltall\Prog\Java\Java_Drivers\jlayer-1.0.1.jar;
PATH=C:\Program Files\Python310\Scripts\;C:\Program Files\Python310\;C:\Program Files (x86)\Common Files\Oracle\Java\javapath;H:\ORACLE\product\11.2.0\dbhome_1\bin;C:\Program Files\Java\jdk-17.0.2.8-hotspot\bin;C:\WINDOWS\system32;C:\WINDOWS;C:\WINDOWS\System32\Wbem;C:\WINDOWS\System32\WindowsPowerShell\v1.0\;C:\WINDOWS\System32\OpenSSH\;H:\Eriq_RohWeltall\apache-tomcat-8\bin;C:\Program Files\Java\jdk1.8.0_251\bin;C:\Program Files\dotnet\;C:\Program Files (x86)\Microsoft SQL Server\160\Tools\Binn\;C:\Program Files\Microsoft SQL Server\160\Tools\Binn\;C:\Program Files\Microsoft SQL Server\Client SDK\ODBC\170\Tools\Binn\;C:\Program Files\Microsoft SQL Server\160\DTS\Binn\;C:\Program Files (x86)\Microsoft SQL Server\160\DTS\Binn\;C:\Program Files\Azure Data Studio\bin;C:\Program Files\Git\cmd;C:\Program Files\Microsoft SQL Server\150\Tools\Binn\;C:\Users\Eriq\AppData\Local\Microsoft\WindowsApps;C:\Users\Eriq\AppData\Local\Programs\Microsoft VS Code\bin;C:\Users\Eriq\.dotnet\tools
USERNAME=Eriq
OS=Windows_NT
PROCESSOR_IDENTIFIER=Intel64 Family 6 Model 69 Stepping 1, GenuineIntel



---------------  S Y S T E M  ---------------

OS: Windows 10.0 , 64 bit Build 19041 (10.0.19041.3031)

CPU:total 4 (initial active 4) (2 cores per cpu, 2 threads per core) family 6 model 69 stepping 1, cmov, cx8, fxsr, mmx, sse, sse2, sse3, ssse3, sse4.1, sse4.2, popcnt, avx, avx2, aes, clmul, erms, lzcnt, ht, tsc, tscinvbit, bmi1, bmi2

Memory: 4k page, physical 8269064k(1242716k free), swap 22952580k(89188k free)

vm_info: Java HotSpot(TM) 64-Bit Server VM (25.251-b08) for windows-amd64 JRE (1.8.0_251-b08), built on Mar 12 2020 06:31:49 by "" with MS VC++ 10.0 (VS2010)

time: Fri Jun 23 05:03:11 2023
timezone: Arabie 
elapsed time: 1 seconds (0d 0h 0m 1s)

