#
# There is insufficient memory for the Java Runtime Environment to continue.
# Native memory allocation (mmap) failed to map 65536 bytes for Failed to commit metaspace.
# Possible reasons:
#   The system is out of physical RAM or swap space
#   The process is running with CompressedOops enabled, and the Java Heap may be blocking the growth of the native heap
# Possible solutions:
#   Reduce memory load on the system
#   Increase physical memory or swap space
#   Check if swap backing store is full
#   Decrease Java heap size (-Xmx/-Xms)
#   Decrease number of Java threads
#   Decrease Java thread stack sizes (-Xss)
#   Set larger code cache with -XX:ReservedCodeCacheSize=
#   JVM is running with Unscaled Compressed Oops mode in which the Java heap is
#     placed in the first 4GB address space. The Java Heap base address is the
#     maximum limit for the native heap growth. Please use -XX:HeapBaseMinAddress
#     to set the Java Heap base and to place the Java Heap above 4GB virtual address.
# This output file may be truncated or incomplete.
#
#  Out of Memory Error (virtualSpaceNode.cpp:110), pid=10816, tid=7400
#
# JRE version: OpenJDK Runtime Environment Temurin-17.0.6+10 (17.0.6+10) (build 17.0.6+10)
# Java VM: OpenJDK 64-Bit Server VM Temurin-17.0.6+10 (17.0.6+10, mixed mode, tiered, compressed oops, compressed class ptrs, parallel gc, windows-amd64)
# No core dump will be written. Minidumps are not enabled by default on client versions of Windows
#

---------------  S U M M A R Y ------------

Command Line: --add-modules=ALL-SYSTEM --add-opens=java.base/java.util=ALL-UNNAMED --add-opens=java.base/java.lang=ALL-UNNAMED --add-opens=java.base/sun.nio.fs=ALL-UNNAMED -Declipse.application=org.eclipse.jdt.ls.core.id1 -Dosgi.bundles.defaultStartLevel=4 -Declipse.product=org.eclipse.jdt.ls.core.product -Djava.import.generatesMetadataFilesAtProjectRoot=false -Dfile.encoding=utf8 -XX:+UseParallelGC -XX:GCTimeRatio=4 -XX:AdaptiveSizePolicyWeight=90 -Dsun.zip.disableMemoryMapping=true -Xmx1G -Xms100m -Xlog:disable -javaagent:c:\Users\Eriq\.vscode\extensions\redhat.java-1.15.0-win32-x64\lombok\lombok-1.18.24.jar c:\Users\Eriq\.vscode\extensions\redhat.java-1.15.0-win32-x64\server\plugins\org.eclipse.equinox.launcher_1.6.400.v20210924-0641.jar -configuration c:\Users\Eriq\AppData\Roaming\Code\User\globalStorage\redhat.java\1.15.0\config_ss_win -data c:\Users\Eriq\AppData\Roaming\Code\User\workspaceStorage\bd0bf6aaf0f4a45f9e5560647edf1e36\redhat.java\ss_ws

Host: Intel(R) Core(TM) i5-4210U CPU @ 1.70GHz, 4 cores, 7G,  Windows 10 , 64 bit Build 19041 (10.0.19041.3031)
Time: Fri Jun 23 05:03:50 2023 Arabie  elapsed time: 4.159335 seconds (0d 0h 0m 4s)

---------------  T H R E A D  ---------------

Current thread (0x000000001ad86f80):  JavaThread "Start Level: Equinox Container: 3c763672-0210-44b3-83e2-ece3aa3764a1" daemon [_thread_in_vm, id=7400, stack(0x000000001c140000,0x000000001c240000)]

Stack: [0x000000001c140000,0x000000001c240000]
Native frames: (J=compiled Java code, j=interpreted, Vv=VM code, C=native code)
V  [jvm.dll+0x67741a]
V  [jvm.dll+0x834434]
V  [jvm.dll+0x835bde]
V  [jvm.dll+0x836243]
V  [jvm.dll+0x2457b5]
V  [jvm.dll+0x8304cb]
V  [jvm.dll+0x61bca6]
V  [jvm.dll+0x61bd0a]
V  [jvm.dll+0x61e52a]
V  [jvm.dll+0x61c646]
V  [jvm.dll+0x24320c]
V  [jvm.dll+0x6cd84d]
V  [jvm.dll+0x6ce27f]
V  [jvm.dll+0x36fd73]
V  [jvm.dll+0x36ef52]
V  [jvm.dll+0x36eef8]
V  [jvm.dll+0x37ed0a]
C  0x000000000d26ae05

Java frames: (J=compiled Java code, j=interpreted, Vv=VM code)
j  java.util.ArrayList.spliterator()Ljava/util/Spliterator;+0 java.base@17.0.6
j  java.util.Collection.stream()Ljava/util/stream/Stream;+1 java.base@17.0.6
j  org.eclipse.core.runtime.ServiceCaller.getServiceReference(Lorg/osgi/framework/BundleContext;)Ljava/util/Optional;+43
j  org.eclipse.core.runtime.ServiceCaller.getCurrent()Ljava/util/Optional;+7
j  org.eclipse.core.runtime.ServiceCaller.trackCurrent()Ljava/util/Optional;+15
j  org.eclipse.core.runtime.ServiceCaller.current()Ljava/util/Optional;+1
j  org.eclipse.core.internal.runtime.Activator.getInstallLocation()Lorg/eclipse/osgi/service/datalocation/Location;+4
j  org.eclipse.core.internal.runtime.Activator.installPlatformURLSupport()V+13
j  org.eclipse.core.internal.runtime.Activator.start(Lorg/osgi/framework/BundleContext;)V+70
j  org.eclipse.osgi.internal.framework.BundleContextImpl$2.run()Ljava/lang/Void;+23
j  org.eclipse.osgi.internal.framework.BundleContextImpl$2.run()Ljava/lang/Object;+1
J 1198 c1 java.security.AccessController.executePrivileged(Ljava/security/PrivilegedExceptionAction;Ljava/security/AccessControlContext;Ljava/lang/Class;)Ljava/lang/Object; java.base@17.0.6 (65 bytes) @ 0x0000000005f35e34 [0x0000000005f35ce0+0x0000000000000154]
j  java.security.AccessController.doPrivileged(Ljava/security/PrivilegedExceptionAction;)Ljava/lang/Object;+9 java.base@17.0.6
j  org.eclipse.osgi.internal.framework.BundleContextImpl.startActivator(Lorg/osgi/framework/BundleActivator;)V+9
j  org.eclipse.osgi.internal.framework.BundleContextImpl.start()V+134
j  org.eclipse.osgi.internal.framework.EquinoxBundle.startWorker0()V+35
j  org.eclipse.osgi.internal.framework.EquinoxBundle$EquinoxModule.startWorker()V+4
j  org.eclipse.osgi.container.Module.doStart([Lorg/eclipse/osgi/container/Module$StartOptions;)Lorg/eclipse/osgi/container/ModuleContainerAdaptor$ModuleEvent;+190
j  org.eclipse.osgi.container.Module.start([Lorg/eclipse/osgi/container/Module$StartOptions;)V+460
j  org.eclipse.osgi.container.ModuleContainer$ContainerStartLevel$2.run()V+71
j  org.eclipse.osgi.internal.framework.EquinoxContainerAdaptor$1$1.execute(Ljava/lang/Runnable;)V+1
j  org.eclipse.osgi.container.ModuleContainer$ContainerStartLevel.incStartLevel(ILjava/util/List;Z)V+192
j  org.eclipse.osgi.container.ModuleContainer$ContainerStartLevel.incStartLevel(ILjava/util/List;Ljava/util/List;Ljava/util/List;Ljava/util/List;)V+19
j  org.eclipse.osgi.container.ModuleContainer$ContainerStartLevel.doContainerStartLevel(Lorg/eclipse/osgi/container/Module;I[Lorg/osgi/framework/FrameworkListener;)V+349
j  org.eclipse.osgi.container.ModuleContainer$ContainerStartLevel.dispatchEvent(Lorg/eclipse/osgi/container/Module;[Lorg/osgi/framework/FrameworkListener;ILjava/lang/Integer;)V+32
j  org.eclipse.osgi.container.ModuleContainer$ContainerStartLevel.dispatchEvent(Ljava/lang/Object;Ljava/lang/Object;ILjava/lang/Object;)V+15
j  org.eclipse.osgi.framework.eventmgr.EventManager.dispatchEvent(Ljava/util/Set;Lorg/eclipse/osgi/framework/eventmgr/EventDispatcher;ILjava/lang/Object;)V+48
j  org.eclipse.osgi.framework.eventmgr.EventManager$EventThread.run()V+26
v  ~StubRoutines::call_stub

---------------  P R O C E S S  ---------------

Threads class SMR info:
_java_thread_list=0x000000001a2c1f00, length=16, elements={
0x00000000030d3e60, 0x00000000170f4750, 0x00000000170f5750, 0x0000000017118290,
0x0000000018cf81d0, 0x0000000018cf8e50, 0x0000000018cfcc90, 0x0000000018cfd930,
0x000000001711c6b0, 0x000000001711d360, 0x0000000018df2950, 0x0000000019009030,
0x0000000019b9e4c0, 0x000000001a1b1400, 0x000000001ad86f80, 0x0000000019fd1c60
}

Java Threads: ( => current thread )
  0x00000000030d3e60 JavaThread "main" [_thread_blocked, id=13420, stack(0x0000000002760000,0x0000000002860000)]
  0x00000000170f4750 JavaThread "Reference Handler" daemon [_thread_blocked, id=3296, stack(0x00000000189c0000,0x0000000018ac0000)]
  0x00000000170f5750 JavaThread "Finalizer" daemon [_thread_blocked, id=7356, stack(0x0000000018ac0000,0x0000000018bc0000)]
  0x0000000017118290 JavaThread "Signal Dispatcher" daemon [_thread_blocked, id=2132, stack(0x00000000190f0000,0x00000000191f0000)]
  0x0000000018cf81d0 JavaThread "Attach Listener" daemon [_thread_blocked, id=12004, stack(0x00000000191f0000,0x00000000192f0000)]
  0x0000000018cf8e50 JavaThread "Service Thread" daemon [_thread_blocked, id=3176, stack(0x00000000192f0000,0x00000000193f0000)]
  0x0000000018cfcc90 JavaThread "Monitor Deflation Thread" daemon [_thread_blocked, id=10072, stack(0x00000000193f0000,0x00000000194f0000)]
  0x0000000018cfd930 JavaThread "C2 CompilerThread0" daemon [_thread_blocked, id=14128, stack(0x00000000194f0000,0x00000000195f0000)]
  0x000000001711c6b0 JavaThread "C1 CompilerThread0" daemon [_thread_blocked, id=11976, stack(0x00000000195f0000,0x00000000196f0000)]
  0x000000001711d360 JavaThread "Sweeper thread" daemon [_thread_blocked, id=2348, stack(0x00000000196f0000,0x00000000197f0000)]
  0x0000000018df2950 JavaThread "Common-Cleaner" daemon [_thread_blocked, id=12528, stack(0x00000000197f0000,0x00000000198f0000)]
  0x0000000019009030 JavaThread "Notification Thread" daemon [_thread_blocked, id=10556, stack(0x00000000198f0000,0x00000000199f0000)]
  0x0000000019b9e4c0 JavaThread "Active Thread: Equinox Container: 3c763672-0210-44b3-83e2-ece3aa3764a1" [_thread_blocked, id=2240, stack(0x000000001bf40000,0x000000001c040000)]
  0x000000001a1b1400 JavaThread "Framework Event Dispatcher: Equinox Container: 3c763672-0210-44b3-83e2-ece3aa3764a1" daemon [_thread_blocked, id=8652, stack(0x000000001c040000,0x000000001c140000)]
=>0x000000001ad86f80 JavaThread "Start Level: Equinox Container: 3c763672-0210-44b3-83e2-ece3aa3764a1" daemon [_thread_in_vm, id=7400, stack(0x000000001c140000,0x000000001c240000)]
  0x0000000019fd1c60 JavaThread "SCR Component Actor" daemon [_thread_blocked, id=10004, stack(0x000000001c240000,0x000000001c340000)]

Other Threads:
  0x00000000170dc9c0 VMThread "VM Thread" [stack: 0x00000000188c0000,0x00000000189c0000] [id=13092]
  0x0000000018f2dde0 WatcherThread [stack: 0x00000000199f0000,0x0000000019af0000] [id=14092]
  0x00000000030e6a20 GCTaskThread "GC Thread#0" [stack: 0x0000000002c80000,0x0000000002d80000] [id=11340]
  0x0000000019c1f900 GCTaskThread "GC Thread#1" [stack: 0x000000001a2f0000,0x000000001a3f0000] [id=6388]
  0x0000000019fba020 GCTaskThread "GC Thread#2" [stack: 0x000000001bd40000,0x000000001be40000] [id=588]
  0x000000001a068180 GCTaskThread "GC Thread#3" [stack: 0x000000001be40000,0x000000001bf40000] [id=6360]

Threads with active compile tasks:

VM state: not at safepoint (normal execution)

VM Mutex/Monitor currently owned by a thread:  ([mutex/lock_event])
[0x00000000030cd6f0] Metaspace_lock - owner thread: 0x000000001ad86f80

Heap address: 0x00000000c0000000, size: 1024 MB, Compressed Oops mode: 32-bit

CDS archive(s) not mapped
Compressed class space mapped at: 0x0000000100000000-0x0000000140000000, reserved size: 1073741824
Narrow klass base: 0x0000000000000000, Narrow klass shift: 3, Narrow klass range: 0x140000000

GC Precious Log:
 CPUs: 4 total, 4 available
 Memory: 8075M
 Large Page Support: Disabled
 NUMA Support: Disabled
 Compressed Oops: Enabled (32-bit)
 Alignments: Space 512K, Generation 512K, Heap 2M
 Heap Min Capacity: 100M
 Heap Initial Capacity: 100M
 Heap Max Capacity: 1G
 Pre-touch: Disabled
 Parallel Workers: 4

Heap:
 PSYoungGen      total 29696K, used 24571K [0x00000000eab00000, 0x00000000ecc00000, 0x0000000100000000)
  eden space 25600K, 83% used [0x00000000eab00000,0x00000000ebfccce8,0x00000000ec400000)
  from space 4096K, 79% used [0x00000000ec400000,0x00000000ec731f90,0x00000000ec800000)
  to   space 4096K, 0% used [0x00000000ec800000,0x00000000ec800000,0x00000000ecc00000)
 ParOldGen       total 68608K, used 0K [0x00000000c0000000, 0x00000000c4300000, 0x00000000eab00000)
  object space 68608K, 0% used [0x00000000c0000000,0x00000000c0000000,0x00000000c4300000)
 Metaspace       used 14133K, committed 14336K, reserved 1064960K
  class space    used 1411K, committed 1536K, reserved 1048576K

Card table byte_map: [0x0000000002a70000,0x0000000002c80000] _byte_map_base: 0x0000000002470000

Marking Bits: (ParMarkBitMap*) 0x00007ffe832e3e70
 Begin Bits: [0x0000000014d20000, 0x0000000015d20000)
 End Bits:   [0x0000000015d20000, 0x0000000016d20000)

Polling page: 0x0000000002860000

Metaspace:

Usage:
  Non-class:     12.42 MB used.
      Class:      1.38 MB used.
       Both:     13.80 MB used.

Virtual space:
  Non-class space:       16.00 MB reserved,      12.50 MB ( 78%) committed,  2 nodes.
      Class space:        1.00 GB reserved,       1.50 MB ( <1%) committed,  1 nodes.
             Both:        1.02 GB reserved,      14.00 MB (  1%) committed. 

Chunk freelists:
   Non-Class:  2.89 MB
       Class:  2.39 MB
        Both:  5.28 MB

MaxMetaspaceSize: unlimited
CompressedClassSpaceSize: 1.00 GB
Initial GC threshold: 21.00 MB
Current GC threshold: 21.00 MB
CDS: off
MetaspaceReclaimPolicy: balanced
 - commit_granule_bytes: 65536.
 - commit_granule_words: 8192.
 - virtual_space_node_default_size: 1048576.
 - enlarge_chunks_in_place: 1.
 - new_chunks_are_fully_committed: 0.
 - uncommit_free_chunks: 1.
 - use_allocation_guard: 0.
 - handle_deallocations: 1.


Internal statistics:

num_allocs_failed_limit: 0.
num_arena_births: 64.
num_arena_deaths: 0.
num_vsnodes_births: 3.
num_vsnodes_deaths: 0.
num_space_committed: 224.
num_space_uncommitted: 0.
num_chunks_returned_to_freelist: 0.
num_chunks_taken_from_freelist: 262.
num_chunk_merges: 0.
num_chunk_splits: 176.
num_chunks_enlarged: 139.
num_purges: 0.
num_inconsistent_stats: 0.

CodeHeap 'non-profiled nmethods': size=120000Kb used=584Kb max_used=584Kb free=119415Kb
 bounds [0x000000000d7f0000, 0x000000000da60000, 0x0000000014d20000]
CodeHeap 'profiled nmethods': size=120000Kb used=2770Kb max_used=2770Kb free=117229Kb
 bounds [0x0000000005d20000, 0x0000000005fe0000, 0x000000000d250000]
CodeHeap 'non-nmethods': size=5760Kb used=1158Kb max_used=1183Kb free=4602Kb
 bounds [0x000000000d250000, 0x000000000d4c0000, 0x000000000d7f0000]
 total_blobs=1933 nmethods=1483 adapters=364
 compilation: enabled
              stopped_count=0, restarted_count=0
 full_count=0

Compilation events (20 events):
Event: 4.104 Thread 0x000000001711c6b0 1476       3       jdk.internal.org.objectweb.asm.Attribute::computeAttributesSize (62 bytes)
Event: 4.104 Thread 0x000000001711c6b0 nmethod 1476 0x0000000005fcf010 code [0x0000000005fcf1e0, 0x0000000005fcf508]
Event: 4.104 Thread 0x000000001711c6b0 1477       3       jdk.internal.org.objectweb.asm.AnnotationWriter::computeAnnotationsSize (66 bytes)
Event: 4.105 Thread 0x000000001711c6b0 nmethod 1477 0x0000000005fcf690 code [0x0000000005fcf860, 0x0000000005fcfb98]
Event: 4.105 Thread 0x000000001711c6b0 1478       3       java.lang.invoke.MemberName::getInvocationType (56 bytes)
Event: 4.105 Thread 0x0000000018cfd930 1481 %     4       java.lang.StringLatin1::inflate @ 3 (34 bytes)
Event: 4.106 Thread 0x000000001711c6b0 nmethod 1478 0x0000000005fcfd90 code [0x0000000005fcffc0, 0x0000000005fd0888]
Event: 4.106 Thread 0x000000001711c6b0 1479       3       jdk.internal.org.objectweb.asm.Handler::getExceptionTableSize (10 bytes)
Event: 4.106 Thread 0x000000001711c6b0 nmethod 1479 0x0000000005fd0b10 code [0x0000000005fd0cc0, 0x0000000005fd0eb8]
Event: 4.106 Thread 0x000000001711c6b0 1480       3       java.lang.invoke.MethodType::erase (8 bytes)
Event: 4.106 Thread 0x000000001711c6b0 nmethod 1480 0x0000000005fd1010 code [0x0000000005fd11a0, 0x0000000005fd12d8]
Event: 4.110 Thread 0x000000001711c6b0 1483       1       java.lang.reflect.Constructor::getSharedParameterTypes (5 bytes)
Event: 4.110 Thread 0x000000001711c6b0 nmethod 1483 0x000000000d881790 code [0x000000000d881920, 0x000000000d8819f8]
Event: 4.112 Thread 0x000000001711c6b0 1484       3       org.eclipse.osgi.framework.util.CaseInsensitiveDictionaryMap::keyWrap (35 bytes)
Event: 4.112 Thread 0x000000001711c6b0 nmethod 1484 0x0000000005fd1390 code [0x0000000005fd1580, 0x0000000005fd1bb8]
Event: 4.112 Thread 0x000000001711c6b0 1485       3       org.eclipse.osgi.framework.util.CaseInsensitiveDictionaryMap::findCommonKeyIndex (930 bytes)
Event: 4.113 Thread 0x0000000018cfd930 nmethod 1481% 0x000000000d881a90 code [0x000000000d881c20, 0x000000000d881f58]
Event: 4.113 Thread 0x0000000018cfd930 1482       4       jdk.internal.org.objectweb.asm.ClassReader::readUnsignedShort (26 bytes)
Event: 4.115 Thread 0x0000000018cfd930 nmethod 1482 0x000000000d882090 code [0x000000000d882200, 0x000000000d8822d8]
Event: 4.115 Thread 0x000000001711c6b0 nmethod 1485 0x0000000005fd1d10 code [0x0000000005fd2320, 0x0000000005fd4748]

GC Heap History (2 events):
Event: 2.721 GC heap before
{Heap before GC invocations=1 (full 0):
 PSYoungGen      total 29696K, used 25600K [0x00000000eab00000, 0x00000000ecc00000, 0x0000000100000000)
  eden space 25600K, 100% used [0x00000000eab00000,0x00000000ec400000,0x00000000ec400000)
  from space 4096K, 0% used [0x00000000ec800000,0x00000000ec800000,0x00000000ecc00000)
  to   space 4096K, 0% used [0x00000000ec400000,0x00000000ec400000,0x00000000ec800000)
 ParOldGen       total 68608K, used 0K [0x00000000c0000000, 0x00000000c4300000, 0x00000000eab00000)
  object space 68608K, 0% used [0x00000000c0000000,0x00000000c0000000,0x00000000c4300000)
 Metaspace       used 11136K, committed 11328K, reserved 1064960K
  class space    used 1106K, committed 1216K, reserved 1048576K
}
Event: 2.741 GC heap after
{Heap after GC invocations=1 (full 0):
 PSYoungGen      total 29696K, used 3271K [0x00000000eab00000, 0x00000000ecc00000, 0x0000000100000000)
  eden space 25600K, 0% used [0x00000000eab00000,0x00000000eab00000,0x00000000ec400000)
  from space 4096K, 79% used [0x00000000ec400000,0x00000000ec731f90,0x00000000ec800000)
  to   space 4096K, 0% used [0x00000000ec800000,0x00000000ec800000,0x00000000ecc00000)
 ParOldGen       total 68608K, used 0K [0x00000000c0000000, 0x00000000c4300000, 0x00000000eab00000)
  object space 68608K, 0% used [0x00000000c0000000,0x00000000c0000000,0x00000000c4300000)
 Metaspace       used 11136K, committed 11328K, reserved 1064960K
  class space    used 1106K, committed 1216K, reserved 1048576K
}

Dll operation events (9 events):
Event: 0.010 Loaded shared library c:\Users\Eriq\.vscode\extensions\redhat.java-1.15.0-win32-x64\jre\17.0.6-win32-x86_64\bin\java.dll
Event: 0.840 Loaded shared library c:\Users\Eriq\.vscode\extensions\redhat.java-1.15.0-win32-x64\jre\17.0.6-win32-x86_64\bin\zip.dll
Event: 0.845 Loaded shared library C:\Users\Eriq\.vscode\extensions\redhat.java-1.15.0-win32-x64\jre\17.0.6-win32-x86_64\bin\instrument.dll
Event: 0.894 Loaded shared library C:\Users\Eriq\.vscode\extensions\redhat.java-1.15.0-win32-x64\jre\17.0.6-win32-x86_64\bin\net.dll
Event: 0.896 Loaded shared library C:\Users\Eriq\.vscode\extensions\redhat.java-1.15.0-win32-x64\jre\17.0.6-win32-x86_64\bin\nio.dll
Event: 0.910 Loaded shared library C:\Users\Eriq\.vscode\extensions\redhat.java-1.15.0-win32-x64\jre\17.0.6-win32-x86_64\bin\zip.dll
Event: 0.947 Loaded shared library C:\Users\Eriq\.vscode\extensions\redhat.java-1.15.0-win32-x64\jre\17.0.6-win32-x86_64\bin\jimage.dll
Event: 1.039 Loaded shared library c:\Users\Eriq\.vscode\extensions\redhat.java-1.15.0-win32-x64\jre\17.0.6-win32-x86_64\bin\verify.dll
Event: 3.967 Loaded shared library C:\Users\Eriq\AppData\Roaming\Code\User\globalStorage\redhat.java\1.15.0\config_ss_win\org.eclipse.equinox.launcher\org.eclipse.equinox.launcher.win32.win32.x86_64_1.2.700.v20221108-1024\eclipse_11801.dll

Deoptimization events (20 events):
Event: 2.768 Thread 0x00000000030d3e60 Uncommon trap: trap_request=0xffffffde fr.pc=0x000000000d827780 relative=0x00000000000004c0
Event: 2.768 Thread 0x00000000030d3e60 Uncommon trap: reason=class_check action=maybe_recompile pc=0x000000000d827780 method=java.util.Collections$UnmodifiableCollection$1.<init>(Ljava/util/Collections$UnmodifiableCollection;)V @ 17 c2
Event: 2.768 Thread 0x00000000030d3e60 DEOPT PACKING pc=0x000000000d827780 sp=0x000000000285e680
Event: 2.768 Thread 0x00000000030d3e60 DEOPT UNPACKING pc=0x000000000d2a66a3 sp=0x000000000285e638 mode 2
Event: 2.925 Thread 0x00000000030d3e60 Uncommon trap: trap_request=0xffffff45 fr.pc=0x000000000d821bf0 relative=0x0000000000000b50
Event: 2.925 Thread 0x00000000030d3e60 Uncommon trap: reason=unstable_if action=reinterpret pc=0x000000000d821bf0 method=lombok.patcher.PatchScript.classMatches(Ljava/lang/String;Ljava/util/Collection;)Z @ 25 c2
Event: 2.925 Thread 0x00000000030d3e60 DEOPT PACKING pc=0x000000000d821bf0 sp=0x00000000028587f0
Event: 2.925 Thread 0x00000000030d3e60 DEOPT UNPACKING pc=0x000000000d2a66a3 sp=0x0000000002858748 mode 2
Event: 3.540 Thread 0x00000000030d3e60 Uncommon trap: trap_request=0xffffffde fr.pc=0x000000000d852bc0 relative=0x0000000000000900
Event: 3.540 Thread 0x00000000030d3e60 Uncommon trap: reason=class_check action=maybe_recompile pc=0x000000000d852bc0 method=java.util.HashMap.putVal(ILjava/lang/Object;Ljava/lang/Object;ZZ)Ljava/lang/Object; @ 253 c2
Event: 3.541 Thread 0x00000000030d3e60 DEOPT PACKING pc=0x000000000d852bc0 sp=0x000000000285e0f0
Event: 3.541 Thread 0x00000000030d3e60 DEOPT UNPACKING pc=0x000000000d2a66a3 sp=0x000000000285e070 mode 2
Event: 3.544 Thread 0x00000000030d3e60 Uncommon trap: trap_request=0xffffffde fr.pc=0x000000000d852bc0 relative=0x0000000000000900
Event: 3.544 Thread 0x00000000030d3e60 Uncommon trap: reason=class_check action=maybe_recompile pc=0x000000000d852bc0 method=java.util.HashMap.putVal(ILjava/lang/Object;Ljava/lang/Object;ZZ)Ljava/lang/Object; @ 253 c2
Event: 3.544 Thread 0x00000000030d3e60 DEOPT PACKING pc=0x000000000d852bc0 sp=0x000000000285e0f0
Event: 3.544 Thread 0x00000000030d3e60 DEOPT UNPACKING pc=0x000000000d2a66a3 sp=0x000000000285e070 mode 2
Event: 3.690 Thread 0x00000000030d3e60 DEOPT PACKING pc=0x0000000005f83180 sp=0x000000000285d1c0
Event: 3.690 Thread 0x00000000030d3e60 DEOPT UNPACKING pc=0x000000000d2a6e43 sp=0x000000000285c630 mode 0
Event: 3.696 Thread 0x00000000030d3e60 DEOPT PACKING pc=0x0000000005e25b61 sp=0x000000000285cb10
Event: 3.696 Thread 0x00000000030d3e60 DEOPT UNPACKING pc=0x000000000d2a6e43 sp=0x000000000285bf98 mode 0

Classes unloaded (0 events):
No events

Classes redefined (0 events):
No events

Internal exceptions (20 events):
Event: 1.762 Thread 0x00000000030d3e60 Exception <a 'java/io/FileNotFoundException'{0x00000000eb77cc98}> (0x00000000eb77cc98) 
thrown [s\src\hotspot\share\prims\jni.cpp, line 516]
Event: 1.774 Thread 0x00000000030d3e60 Exception <a 'java/io/FileNotFoundException'{0x00000000eb7bba68}> (0x00000000eb7bba68) 
thrown [s\src\hotspot\share\prims\jni.cpp, line 516]
Event: 2.347 Thread 0x00000000030d3e60 Exception <a 'java/lang/ClassNotFoundException'{0x00000000ebfaec60}: sun/net/www/protocol/c/Handler> (0x00000000ebfaec60) 
thrown [s\src\hotspot\share\classfile\systemDictionary.cpp, line 256]
Event: 2.348 Thread 0x00000000030d3e60 Exception <a 'java/lang/ClassNotFoundException'{0x00000000ebfaffe8}: sun/net/www/protocol/h/Handler> (0x00000000ebfaffe8) 
thrown [s\src\hotspot\share\classfile\systemDictionary.cpp, line 256]
Event: 2.349 Thread 0x00000000030d3e60 Exception <a 'java/lang/ClassNotFoundException'{0x00000000ebfb11d8}: sun/net/www/protocol/c/Handler> (0x00000000ebfb11d8) 
thrown [s\src\hotspot\share\classfile\systemDictionary.cpp, line 256]
Event: 2.358 Thread 0x00000000030d3e60 Exception <a 'java/io/FileNotFoundException'{0x00000000ebfcff68}> (0x00000000ebfcff68) 
thrown [s\src\hotspot\share\prims\jni.cpp, line 516]
Event: 2.479 Thread 0x00000000030d3e60 Implicit null exception at 0x000000000d84467b to 0x000000000d84508c
Event: 2.480 Thread 0x00000000030d3e60 Implicit null exception at 0x000000000d840bec to 0x000000000d840dcc
Event: 2.480 Thread 0x00000000030d3e60 Implicit null exception at 0x000000000d82f98e to 0x000000000d82fbd4
Event: 2.480 Thread 0x00000000030d3e60 Implicit null exception at 0x000000000d82cf8f to 0x000000000d82d005
Event: 2.602 Thread 0x00000000030d3e60 Exception <a 'java/lang/NoSuchMethodError'{0x00000000ec29bbb0}: 'int java.lang.invoke.DirectMethodHandle$Holder.invokeStaticInit(java.lang.Object, java.lang.Object, java.lang.Object, java.lang.Object)'> (0x00000000ec29bbb0) 
thrown [s\src\hotspot\share\interpreter\linkResolver.cpp, line 759]
Event: 2.604 Thread 0x00000000030d3e60 Exception <a 'java/lang/NoSuchMethodError'{0x00000000ec2a6220}: 'java.lang.Object java.lang.invoke.DirectMethodHandle$Holder.invokeInterface(java.lang.Object, java.lang.Object)'> (0x00000000ec2a6220) 
thrown [s\src\hotspot\share\interpreter\linkResolver.cpp, line 759]
Event: 2.605 Thread 0x00000000030d3e60 Exception <a 'java/lang/IncompatibleClassChangeError'{0x00000000ec2a9a18}: Found class java.lang.Object, but interface was expected> (0x00000000ec2a9a18) 
thrown [s\src\hotspot\share\interpreter\linkResolver.cpp, line 826]
Event: 2.607 Thread 0x00000000030d3e60 Exception <a 'java/lang/NoSuchMethodError'{0x00000000ec2adf10}: 'void java.lang.invoke.DirectMethodHandle$Holder.invokeStatic(java.lang.Object, java.lang.Object)'> (0x00000000ec2adf10) 
thrown [s\src\hotspot\share\interpreter\linkResolver.cpp, line 759]
Event: 2.608 Thread 0x00000000030d3e60 Exception <a 'java/lang/NoSuchMethodError'{0x00000000ec2b1710}: 'void java.lang.invoke.DirectMethodHandle$Holder.invokeStaticInit(java.lang.Object, java.lang.Object)'> (0x00000000ec2b1710) 
thrown [s\src\hotspot\share\interpreter\linkResolver.cpp, line 759]
Event: 2.610 Thread 0x00000000030d3e60 Exception <a 'java/lang/NoSuchMethodError'{0x00000000ec2b8b28}: 'int java.lang.invoke.DirectMethodHandle$Holder.invokeStaticInit(java.lang.Object, java.lang.Object)'> (0x00000000ec2b8b28) 
thrown [s\src\hotspot\share\interpreter\linkResolver.cpp, line 759]
Event: 2.712 Thread 0x00000000030d3e60 Exception <a 'java/lang/NoSuchMethodError'{0x00000000ec3e0320}: 'void java.lang.invoke.DirectMethodHandle$Holder.invokeSpecial(java.lang.Object, java.lang.Object, java.lang.Object)'> (0x00000000ec3e0320) 
thrown [s\src\hotspot\share\interpreter\linkResolver.cpp, line 759]
Event: 3.515 Thread 0x00000000030d3e60 Exception <a 'java/lang/NoSuchMethodError'{0x00000000eb6a2900}: 'java.lang.Object java.lang.invoke.DirectMethodHandle$Holder.newInvokeSpecial(java.lang.Object, int, java.lang.Object)'> (0x00000000eb6a2900) 
thrown [s\src\hotspot\share\interpreter\linkResolver.cpp, line 759]
Event: 3.957 Thread 0x00000000030d3e60 Exception <a 'java/lang/UnsatisfiedLinkError'{0x00000000ebc12928}: 'void org.eclipse.equinox.launcher.JNIBridge._update_splash()'> (0x00000000ebc12928) 
thrown [s\src\hotspot\share\prims\nativeLookup.cpp, line 543]
Event: 4.074 Thread 0x000000001ad86f80 Exception <a 'java/lang/NoSuchMethodError'{0x00000000ebecdf38}: 'java.lang.Object java.lang.invoke.DirectMethodHandle$Holder.invokeStaticInit(java.lang.Object)'> (0x00000000ebecdf38) 
thrown [s\src\hotspot\share\interpreter\linkResolver.cpp, line 759]

VM Operations (20 events):
Event: 1.636 Executing VM operation: Cleanup
Event: 1.700 Executing VM operation: Cleanup done
Event: 1.723 Executing VM operation: HandshakeAllThreads
Event: 1.723 Executing VM operation: HandshakeAllThreads done
Event: 2.306 Executing VM operation: HandshakeAllThreads
Event: 2.306 Executing VM operation: HandshakeAllThreads done
Event: 2.721 Executing VM operation: ParallelGCFailedAllocation
Event: 2.741 Executing VM operation: ParallelGCFailedAllocation done
Event: 3.428 Executing VM operation: HandshakeAllThreads
Event: 3.453 Executing VM operation: HandshakeAllThreads done
Event: 3.453 Executing VM operation: HandshakeAllThreads
Event: 3.453 Executing VM operation: HandshakeAllThreads done
Event: 3.465 Executing VM operation: HandshakeAllThreads
Event: 3.465 Executing VM operation: HandshakeAllThreads done
Event: 3.500 Executing VM operation: HandshakeAllThreads
Event: 3.500 Executing VM operation: HandshakeAllThreads done
Event: 4.108 Executing VM operation: HandshakeAllThreads
Event: 4.108 Executing VM operation: HandshakeAllThreads done
Event: 4.108 Executing VM operation: Cleanup
Event: 4.109 Executing VM operation: Cleanup done

Events (20 events):
Event: 3.973 loading class java/util/concurrent/CountDownLatch done
Event: 3.973 loading class java/util/concurrent/CountDownLatch$Sync
Event: 3.973 loading class java/util/concurrent/CountDownLatch$Sync done
Event: 4.012 loading class java/lang/IllegalAccessError
Event: 4.012 loading class java/lang/IllegalAccessError done
Event: 4.045 loading class java/util/TimerTask
Event: 4.045 loading class java/util/TimerTask done
Event: 4.053 Thread 0x0000000019fd1c60 Thread added: 0x0000000019fd1c60
Event: 4.056 loading class java/util/MissingResourceException
Event: 4.056 loading class java/util/MissingResourceException done
Event: 4.093 loading class java/util/concurrent/ConcurrentLinkedQueue
Event: 4.094 loading class java/util/concurrent/ConcurrentLinkedQueue done
Event: 4.094 loading class java/util/concurrent/ConcurrentLinkedQueue$Node
Event: 4.094 loading class java/util/concurrent/ConcurrentLinkedQueue$Node done
Event: 4.102 loading class sun/invoke/util/VerifyAccess$1
Event: 4.102 loading class sun/invoke/util/VerifyAccess$1 done
Event: 4.111 loading class java/net/UnknownServiceException
Event: 4.111 loading class java/net/UnknownServiceException done
Event: 4.112 loading class java/util/ArrayList$ArrayListSpliterator
Event: 4.112 loading class java/util/ArrayList$ArrayListSpliterator done


Dynamic libraries:
0x0000000140000000 - 0x000000014009c000 	c:\Users\Eriq\.vscode\extensions\redhat.java-1.15.0-win32-x64\jre\17.0.6-win32-x86_64\bin\java.exe
0x00007ffed84f0000 - 0x00007ffed86e8000 	C:\WINDOWS\SYSTEM32\ntdll.dll
0x00007ffed6820000 - 0x00007ffed68df000 	C:\WINDOWS\System32\KERNEL32.DLL
0x00007ffed5e40000 - 0x00007ffed6136000 	C:\WINDOWS\System32\KERNELBASE.dll
0x00007ffed63c0000 - 0x00007ffed64c0000 	C:\WINDOWS\System32\ucrtbase.dll
0x00007ffecfc90000 - 0x00007ffecfca7000 	c:\Users\Eriq\.vscode\extensions\redhat.java-1.15.0-win32-x64\jre\17.0.6-win32-x86_64\bin\jli.dll
0x00007ffed6550000 - 0x00007ffed66ed000 	C:\WINDOWS\System32\USER32.dll
0x00007ffed6140000 - 0x00007ffed6162000 	C:\WINDOWS\System32\win32u.dll
0x00007ffed8180000 - 0x00007ffed81ac000 	C:\WINDOWS\System32\GDI32.dll
0x00007ffed62a0000 - 0x00007ffed63b5000 	C:\WINDOWS\System32\gdi32full.dll
0x00007ffed5da0000 - 0x00007ffed5e3d000 	C:\WINDOWS\System32\msvcp_win.dll
0x00007ffececd0000 - 0x00007ffecece9000 	c:\Users\Eriq\.vscode\extensions\redhat.java-1.15.0-win32-x64\jre\17.0.6-win32-x86_64\bin\VCRUNTIME140.dll
0x00007ffec4430000 - 0x00007ffec46ca000 	C:\WINDOWS\WinSxS\amd64_microsoft.windows.common-controls_6595b64144ccf1df_6.0.19041.1110_none_60b5254171f9507e\COMCTL32.dll
0x00007ffed83b0000 - 0x00007ffed844e000 	C:\WINDOWS\System32\msvcrt.dll
0x00007ffed8360000 - 0x00007ffed8390000 	C:\WINDOWS\System32\IMM32.DLL
0x00007ffed68e0000 - 0x00007ffed698f000 	C:\WINDOWS\System32\ADVAPI32.dll
0x00007ffed69f0000 - 0x00007ffed6a8c000 	C:\WINDOWS\System32\sechost.dll
0x00007ffed7610000 - 0x00007ffed7736000 	C:\WINDOWS\System32\RPCRT4.dll
0x00007ffecd420000 - 0x00007ffecd52a000 	C:\WINDOWS\SYSTEM32\WINHTTP.dll
0x00007ffed5bd0000 - 0x00007ffed5d2e000 	C:\WINDOWS\System32\CRYPT32.dll
0x00007ffecd400000 - 0x00007ffecd41d000 	C:\WINDOWS\SYSTEM32\MPR.dll
0x00007ffecd3f0000 - 0x00007ffecd3fc000 	C:\WINDOWS\SYSTEM32\Secur32.dll
0x00007ffed5a90000 - 0x00007ffed5ac2000 	C:\WINDOWS\SYSTEM32\SSPICLI.DLL
0x00007ffed81b0000 - 0x00007ffed8205000 	C:\WINDOWS\System32\SHLWAPI.dll
0x00007ffed50b0000 - 0x00007ffed517a000 	C:\WINDOWS\SYSTEM32\DNSAPI.dll
0x00007ffed5020000 - 0x00007ffed505c000 	C:\WINDOWS\SYSTEM32\IPHLPAPI.DLL
0x00007ffed6700000 - 0x00007ffed6708000 	C:\WINDOWS\System32\NSI.dll
0x00007ffed4d50000 - 0x00007ffed4d83000 	C:\WINDOWS\SYSTEM32\ntmarta.dll
0x00007ffecf110000 - 0x00007ffecf11c000 	c:\Users\Eriq\.vscode\extensions\redhat.java-1.15.0-win32-x64\jre\17.0.6-win32-x86_64\bin\vcruntime140_1.dll
0x00007ffec1ad0000 - 0x00007ffec1b61000 	c:\Users\Eriq\.vscode\extensions\redhat.java-1.15.0-win32-x64\jre\17.0.6-win32-x86_64\bin\msvcp140.dll
0x00007ffe82760000 - 0x00007ffe833a7000 	c:\Users\Eriq\.vscode\extensions\redhat.java-1.15.0-win32-x64\jre\17.0.6-win32-x86_64\bin\server\jvm.dll
0x00007ffec7870000 - 0x00007ffec7879000 	C:\WINDOWS\SYSTEM32\WSOCK32.dll
0x00007ffed8210000 - 0x00007ffed827b000 	C:\WINDOWS\System32\WS2_32.dll
0x00007ffecc5f0000 - 0x00007ffecc617000 	C:\WINDOWS\SYSTEM32\WINMM.dll
0x00007ffecc690000 - 0x00007ffecc69a000 	C:\WINDOWS\SYSTEM32\VERSION.dll
0x00007ffed4410000 - 0x00007ffed4422000 	C:\WINDOWS\SYSTEM32\kernel.appcore.dll
0x00007ffecee80000 - 0x00007ffecee8a000 	c:\Users\Eriq\.vscode\extensions\redhat.java-1.15.0-win32-x64\jre\17.0.6-win32-x86_64\bin\jimage.dll
0x00007ffed40e0000 - 0x00007ffed42c4000 	C:\WINDOWS\SYSTEM32\DBGHELP.DLL
0x00007ffeba3a0000 - 0x00007ffeba3d4000 	C:\WINDOWS\SYSTEM32\dbgcore.DLL
0x00007ffed64c0000 - 0x00007ffed6542000 	C:\WINDOWS\System32\bcryptPrimitives.dll
0x00007ffececc0000 - 0x00007ffececce000 	c:\Users\Eriq\.vscode\extensions\redhat.java-1.15.0-win32-x64\jre\17.0.6-win32-x86_64\bin\instrument.dll
0x00007ffeceb70000 - 0x00007ffeceb95000 	c:\Users\Eriq\.vscode\extensions\redhat.java-1.15.0-win32-x64\jre\17.0.6-win32-x86_64\bin\java.dll
0x00007ffeceb50000 - 0x00007ffeceb68000 	c:\Users\Eriq\.vscode\extensions\redhat.java-1.15.0-win32-x64\jre\17.0.6-win32-x86_64\bin\zip.dll
0x00007ffed7980000 - 0x00007ffed80c4000 	C:\WINDOWS\System32\SHELL32.dll
0x00007ffed3870000 - 0x00007ffed4003000 	C:\WINDOWS\SYSTEM32\windows.storage.dll
0x00007ffed6aa0000 - 0x00007ffed6df4000 	C:\WINDOWS\System32\combase.dll
0x00007ffed5620000 - 0x00007ffed564e000 	C:\WINDOWS\SYSTEM32\Wldp.dll
0x00007ffed6770000 - 0x00007ffed681d000 	C:\WINDOWS\System32\SHCORE.dll
0x00007ffed5b10000 - 0x00007ffed5b2f000 	C:\WINDOWS\SYSTEM32\profapi.dll
0x00007ffec8980000 - 0x00007ffec8999000 	C:\Users\Eriq\.vscode\extensions\redhat.java-1.15.0-win32-x64\jre\17.0.6-win32-x86_64\bin\net.dll
0x00007ffed5380000 - 0x00007ffed53ea000 	C:\WINDOWS\system32\mswsock.dll
0x00007ffec8870000 - 0x00007ffec8885000 	C:\Users\Eriq\.vscode\extensions\redhat.java-1.15.0-win32-x64\jre\17.0.6-win32-x86_64\bin\nio.dll
0x00007ffecec80000 - 0x00007ffecec90000 	c:\Users\Eriq\.vscode\extensions\redhat.java-1.15.0-win32-x64\jre\17.0.6-win32-x86_64\bin\verify.dll
0x00007ffec1f60000 - 0x00007ffec1f9e000 	C:\Users\Eriq\AppData\Roaming\Code\User\globalStorage\redhat.java\1.15.0\config_ss_win\org.eclipse.equinox.launcher\org.eclipse.equinox.launcher.win32.win32.x86_64_1.2.700.v20221108-1024\eclipse_11801.dll
0x00007ffed74e0000 - 0x00007ffed760a000 	C:\WINDOWS\System32\ole32.dll

dbghelp: loaded successfully - version: 4.0.5 - missing functions: none
symbol engine: initialized successfully - sym options: 0x614 - pdb path: .;c:\Users\Eriq\.vscode\extensions\redhat.java-1.15.0-win32-x64\jre\17.0.6-win32-x86_64\bin;C:\WINDOWS\SYSTEM32;C:\WINDOWS\WinSxS\amd64_microsoft.windows.common-controls_6595b64144ccf1df_6.0.19041.1110_none_60b5254171f9507e;c:\Users\Eriq\.vscode\extensions\redhat.java-1.15.0-win32-x64\jre\17.0.6-win32-x86_64\bin\server;C:\Users\Eriq\AppData\Roaming\Code\User\globalStorage\redhat.java\1.15.0\config_ss_win\org.eclipse.equinox.launcher\org.eclipse.equinox.launcher.win32.win32.x86_64_1.2.700.v20221108-1024

VM Arguments:
jvm_args: --add-modules=ALL-SYSTEM --add-opens=java.base/java.util=ALL-UNNAMED --add-opens=java.base/java.lang=ALL-UNNAMED --add-opens=java.base/sun.nio.fs=ALL-UNNAMED -Declipse.application=org.eclipse.jdt.ls.core.id1 -Dosgi.bundles.defaultStartLevel=4 -Declipse.product=org.eclipse.jdt.ls.core.product -Djava.import.generatesMetadataFilesAtProjectRoot=false -Dfile.encoding=utf8 -XX:+UseParallelGC -XX:GCTimeRatio=4 -XX:AdaptiveSizePolicyWeight=90 -Dsun.zip.disableMemoryMapping=true -Xmx1G -Xms100m -Xlog:disable -javaagent:c:\Users\Eriq\.vscode\extensions\redhat.java-1.15.0-win32-x64\lombok\lombok-1.18.24.jar 
java_command: c:\Users\Eriq\.vscode\extensions\redhat.java-1.15.0-win32-x64\server\plugins\org.eclipse.equinox.launcher_1.6.400.v20210924-0641.jar -configuration c:\Users\Eriq\AppData\Roaming\Code\User\globalStorage\redhat.java\1.15.0\config_ss_win -data c:\Users\Eriq\AppData\Roaming\Code\User\workspaceStorage\bd0bf6aaf0f4a45f9e5560647edf1e36\redhat.java\ss_ws
java_class_path (initial): c:\Users\Eriq\.vscode\extensions\redhat.java-1.15.0-win32-x64\server\plugins\org.eclipse.equinox.launcher_1.6.400.v20210924-0641.jar
Launcher Type: SUN_STANDARD

[Global flags]
    uintx AdaptiveSizePolicyWeight                 = 90                                        {product} {command line}
     intx CICompilerCount                          = 3                                         {product} {ergonomic}
    uintx GCTimeRatio                              = 4                                         {product} {command line}
   size_t InitialHeapSize                          = 104857600                                 {product} {command line}
   size_t MaxHeapSize                              = 1073741824                                {product} {command line}
   size_t MaxNewSize                               = 357564416                                 {product} {ergonomic}
   size_t MinHeapDeltaBytes                        = 524288                                    {product} {ergonomic}
   size_t MinHeapSize                              = 104857600                                 {product} {command line}
   size_t NewSize                                  = 34603008                                  {product} {ergonomic}
    uintx NonNMethodCodeHeapSize                   = 5832780                                {pd product} {ergonomic}
    uintx NonProfiledCodeHeapSize                  = 122912730                              {pd product} {ergonomic}
   size_t OldSize                                  = 70254592                                  {product} {ergonomic}
    uintx ProfiledCodeHeapSize                     = 122912730                              {pd product} {ergonomic}
    uintx ReservedCodeCacheSize                    = 251658240                              {pd product} {ergonomic}
     bool SegmentedCodeCache                       = true                                      {product} {ergonomic}
   size_t SoftMaxHeapSize                          = 1073741824                             {manageable} {ergonomic}
     bool UseCompressedClassPointers               = true                           {product lp64_product} {ergonomic}
     bool UseCompressedOops                        = true                           {product lp64_product} {ergonomic}
     bool UseLargePagesIndividualAllocation        = false                                  {pd product} {ergonomic}
     bool UseParallelGC                            = true                                      {product} {command line}

Logging:
Log output configuration:
 #0: stdout all=off uptime,level,tags
 #1: stderr all=off uptime,level,tags

Environment Variables:
JAVA_HOME=C:\Program Files\Java\jdk1.8.0_251
CLASSPATH=.;H:\Eriq_RohWeltall\Prog\Java\Java_Drivers\tika-app-2.5.0.jar;H:\Eriq_RohWeltall\Prog\Java\Java_Drivers\postgresql-42.5.0.jar;H:\Eriq_RohWeltall\Prog\Java\Java_Drivers\ojdbc6.jar;H:\Eriq_RohWeltall\Prog\Java\Java_Drivers\servlet-api.jar;H:\Eriq_RohWeltall\Prog\Java\Java_Drivers\jlayer-1.0.1.jar;
PATH=C:\Program Files\Python310\Scripts\;C:\Program Files\Python310\;C:\Program Files (x86)\Common Files\Oracle\Java\javapath;H:\ORACLE\product\11.2.0\dbhome_1\bin;C:\Program Files\Java\jdk-17.0.2.8-hotspot\bin;C:\WINDOWS\system32;C:\WINDOWS;C:\WINDOWS\System32\Wbem;C:\WINDOWS\System32\WindowsPowerShell\v1.0\;C:\WINDOWS\System32\OpenSSH\;H:\Eriq_RohWeltall\apache-tomcat-8\bin;C:\Program Files\Java\jdk1.8.0_251\bin;C:\Program Files\dotnet\;C:\Program Files (x86)\Microsoft SQL Server\160\Tools\Binn\;C:\Program Files\Microsoft SQL Server\160\Tools\Binn\;C:\Program Files\Microsoft SQL Server\Client SDK\ODBC\170\Tools\Binn\;C:\Program Files\Microsoft SQL Server\160\DTS\Binn\;C:\Program Files (x86)\Microsoft SQL Server\160\DTS\Binn\;C:\Program Files\Azure Data Studio\bin;C:\Program Files\Git\cmd;C:\Program Files\Microsoft SQL Server\150\Tools\Binn\;C:\Users\Eriq\AppData\Local\Microsoft\WindowsApps;C:\Users\Eriq\AppData\Local\Programs\Microsoft VS Code\bin;C:\Users\Eriq\.dotnet\tools;C:\Program Files\Azure Data Studio\bin
USERNAME=Eriq
OS=Windows_NT
PROCESSOR_IDENTIFIER=Intel64 Family 6 Model 69 Stepping 1, GenuineIntel
TMP=C:\Users\Eriq\AppData\Local\Temp
TEMP=C:\Users\Eriq\AppData\Local\Temp



---------------  S Y S T E M  ---------------

OS:
 Windows 10 , 64 bit Build 19041 (10.0.19041.3031)
OS uptime: 0 days 4:03 hours

CPU: total 4 (initial active 4) (2 cores per cpu, 2 threads per core) family 6 model 69 stepping 1 microcode 0x25, cx8, cmov, fxsr, ht, mmx, sse, sse2, sse3, ssse3, sse4.1, sse4.2, popcnt, lzcnt, tsc, tscinvbit, avx, avx2, aes, erms, clmul, bmi1, bmi2, fma, vzeroupper, clflush

Memory: 4k page, system-wide physical 8075M (1344M free)
TotalPageFile size 22414M (AvailPageFile size 5M)
current process WorkingSet (physical memory assigned to process): 85M, peak: 85M
current process commit charge ("private bytes"): 194M, peak: 194M

vm_info: OpenJDK 64-Bit Server VM (17.0.6+10) for windows-amd64 JRE (17.0.6+10), built on Jan 18 2023 10:08:59 by "temurin" with MS VC++ 16.7 (VS2019)

END.
