#
# There is insufficient memory for the Java Runtime Environment to continue.
# Native memory allocation (mmap) failed to map 65536 bytes for Failed to commit metaspace.
# Possible reasons:
#   The system is out of physical RAM or swap space
#   The process is running with CompressedOops enabled, and the Java Heap may be blocking the growth of the native heap
# Possible solutions:
#   Reduce memory load on the system
#   Increase physical memory or swap space
#   Check if swap backing store is full
#   Decrease Java heap size (-Xmx/-Xms)
#   Decrease number of Java threads
#   Decrease Java thread stack sizes (-Xss)
#   Set larger code cache with -XX:ReservedCodeCacheSize=
#   JVM is running with Unscaled Compressed Oops mode in which the Java heap is
#     placed in the first 4GB address space. The Java Heap base address is the
#     maximum limit for the native heap growth. Please use -XX:HeapBaseMinAddress
#     to set the Java Heap base and to place the Java Heap above 4GB virtual address.
# This output file may be truncated or incomplete.
#
#  Out of Memory Error (virtualSpaceNode.cpp:110), pid=8760, tid=11240
#
# JRE version: OpenJDK Runtime Environment Temurin-17.0.6+10 (17.0.6+10) (build 17.0.6+10)
# Java VM: OpenJDK 64-Bit Server VM Temurin-17.0.6+10 (17.0.6+10, mixed mode, tiered, compressed oops, compressed class ptrs, parallel gc, windows-amd64)
# No core dump will be written. Minidumps are not enabled by default on client versions of Windows
#

---------------  S U M M A R Y ------------

Command Line: --add-modules=ALL-SYSTEM --add-opens=java.base/java.util=ALL-UNNAMED --add-opens=java.base/java.lang=ALL-UNNAMED --add-opens=java.base/sun.nio.fs=ALL-UNNAMED -Declipse.application=org.eclipse.jdt.ls.core.id1 -Dosgi.bundles.defaultStartLevel=4 -Declipse.product=org.eclipse.jdt.ls.core.product -Djava.import.generatesMetadataFilesAtProjectRoot=false -Dfile.encoding=utf8 -XX:+UseParallelGC -XX:GCTimeRatio=4 -XX:AdaptiveSizePolicyWeight=90 -Dsun.zip.disableMemoryMapping=true -Xmx1G -Xms100m -Xlog:disable -javaagent:c:\Users\Eriq\.vscode\extensions\redhat.java-1.15.0-win32-x64\lombok\lombok-1.18.24.jar -XX:+HeapDumpOnOutOfMemoryError -XX:HeapDumpPath=c:\Users\Eriq\AppData\Roaming\Code\User\workspaceStorage\bd0bf6aaf0f4a45f9e5560647edf1e36\redhat.java c:\Users\Eriq\.vscode\extensions\redhat.java-1.15.0-win32-x64\server\plugins\org.eclipse.equinox.launcher_1.6.400.v20210924-0641.jar -configuration c:\Users\Eriq\AppData\Roaming\Code\User\globalStorage\redhat.java\1.15.0\config_win -data c:\Users\Eriq\AppData\Roaming\Code\User\workspaceStorage\bd0bf6aaf0f4a45f9e5560647edf1e36\redhat.java\jdt_ws

Host: Intel(R) Core(TM) i5-4210U CPU @ 1.70GHz, 4 cores, 7G,  Windows 10 , 64 bit Build 19041 (10.0.19041.3031)
Time: Fri Jun 23 05:03:50 2023 Arabie  elapsed time: 2.876069 seconds (0d 0h 0m 2s)

---------------  T H R E A D  ---------------

Current thread (0x000000001711db90):  JavaThread "C1 CompilerThread0" daemon [_thread_in_vm, id=11240, stack(0x0000000019600000,0x0000000019700000)]


Current CompileTask:
C1:   2876 1039       3       java.lang.String::toCharArray (25 bytes)

Stack: [0x0000000019600000,0x0000000019700000]
Native frames: (J=compiled Java code, j=interpreted, Vv=VM code, C=native code)
V  [jvm.dll+0x67741a]
V  [jvm.dll+0x834434]
V  [jvm.dll+0x835bde]
V  [jvm.dll+0x836243]
V  [jvm.dll+0x2457b5]
V  [jvm.dll+0x8304cb]
V  [jvm.dll+0x61bca6]
V  [jvm.dll+0x61bd0a]
V  [jvm.dll+0x61e52a]
V  [jvm.dll+0x61c646]
V  [jvm.dll+0x62d84a]
V  [jvm.dll+0x6266aa]
V  [jvm.dll+0x1cc730]
V  [jvm.dll+0x1cc91f]
V  [jvm.dll+0x146cd1]
V  [jvm.dll+0x146b15]
V  [jvm.dll+0x13e37e]
V  [jvm.dll+0x140935]
V  [jvm.dll+0x13ec14]
V  [jvm.dll+0x138b8f]
V  [jvm.dll+0x148706]
V  [jvm.dll+0x1342a0]
V  [jvm.dll+0x134600]
V  [jvm.dll+0x1348c6]
V  [jvm.dll+0x133d5a]
V  [jvm.dll+0x135a21]
V  [jvm.dll+0x22742a]
V  [jvm.dll+0x225565]
V  [jvm.dll+0x7ea2cb]
V  [jvm.dll+0x7e483a]
V  [jvm.dll+0x6762c5]
C  [ucrtbase.dll+0x21bb2]
C  [KERNEL32.DLL+0x17614]
C  [ntdll.dll+0x526f1]


---------------  P R O C E S S  ---------------

Threads class SMR info:
_java_thread_list=0x0000000019c6e800, length=12, elements={
0x00000000030d48f0, 0x00000000170f43f0, 0x00000000170f5e10, 0x0000000017116320,
0x00000000171170a0, 0x0000000018d0e0a0, 0x0000000018d0e960, 0x0000000018d10560,
0x000000001711db90, 0x000000001711e840, 0x0000000003135880, 0x000000001904b890
}

Java Threads: ( => current thread )
  0x00000000030d48f0 JavaThread "main" [_thread_blocked, id=2236, stack(0x00000000026e0000,0x00000000027e0000)]
  0x00000000170f43f0 JavaThread "Reference Handler" daemon [_thread_blocked, id=10100, stack(0x00000000189d0000,0x0000000018ad0000)]
  0x00000000170f5e10 JavaThread "Finalizer" daemon [_thread_blocked, id=1704, stack(0x0000000018ad0000,0x0000000018bd0000)]
  0x0000000017116320 JavaThread "Signal Dispatcher" daemon [_thread_blocked, id=3444, stack(0x0000000019100000,0x0000000019200000)]
  0x00000000171170a0 JavaThread "Attach Listener" daemon [_thread_blocked, id=12188, stack(0x0000000019200000,0x0000000019300000)]
  0x0000000018d0e0a0 JavaThread "Service Thread" daemon [_thread_blocked, id=9300, stack(0x0000000019300000,0x0000000019400000)]
  0x0000000018d0e960 JavaThread "Monitor Deflation Thread" daemon [_thread_blocked, id=8744, stack(0x0000000019400000,0x0000000019500000)]
  0x0000000018d10560 JavaThread "C2 CompilerThread0" daemon [_thread_in_native, id=10352, stack(0x0000000019500000,0x0000000019600000)]
=>0x000000001711db90 JavaThread "C1 CompilerThread0" daemon [_thread_in_vm, id=11240, stack(0x0000000019600000,0x0000000019700000)]
  0x000000001711e840 JavaThread "Sweeper thread" daemon [_thread_blocked, id=3108, stack(0x0000000019700000,0x0000000019800000)]
  0x0000000003135880 JavaThread "Common-Cleaner" daemon [_thread_blocked, id=12136, stack(0x0000000019800000,0x0000000019900000)]
  0x000000001904b890 JavaThread "Notification Thread" daemon [_thread_blocked, id=4576, stack(0x0000000019900000,0x0000000019a00000)]

Other Threads:
  0x00000000170dac90 VMThread "VM Thread" [stack: 0x00000000188d0000,0x00000000189d0000] [id=5960]
  0x00000000190b5bd0 WatcherThread [stack: 0x0000000019a00000,0x0000000019b00000] [id=1928]
  0x00000000030e8760 GCTaskThread "GC Thread#0" [stack: 0x0000000002c80000,0x0000000002d80000] [id=11828]
  0x000000001a00e160 GCTaskThread "GC Thread#1" [stack: 0x000000001a300000,0x000000001a400000] [id=13788]
  0x0000000019c3daa0 GCTaskThread "GC Thread#2" [stack: 0x000000001ad70000,0x000000001ae70000] [id=7184]
  0x0000000019c3b0f0 GCTaskThread "GC Thread#3" [stack: 0x000000001ae70000,0x000000001af70000] [id=9912]

Threads with active compile tasks:
C2 CompilerThread0     3039 1034       4       java.io.DataInputStream::readUTF (501 bytes)
C1 CompilerThread0     3039 1039       3       java.lang.String::toCharArray (25 bytes)

VM state: not at safepoint (normal execution)

VM Mutex/Monitor currently owned by a thread:  ([mutex/lock_event])
[0x00000000030cf190] Metaspace_lock - owner thread: 0x000000001711db90
[0x00000000030d0030] MethodData_lock - owner thread: 0x000000001711db90

Heap address: 0x00000000c0000000, size: 1024 MB, Compressed Oops mode: 32-bit

CDS archive(s) not mapped
Compressed class space mapped at: 0x0000000100000000-0x0000000140000000, reserved size: 1073741824
Narrow klass base: 0x0000000000000000, Narrow klass shift: 3, Narrow klass range: 0x140000000

GC Precious Log:
 CPUs: 4 total, 4 available
 Memory: 8075M
 Large Page Support: Disabled
 NUMA Support: Disabled
 Compressed Oops: Enabled (32-bit)
 Alignments: Space 512K, Generation 512K, Heap 2M
 Heap Min Capacity: 100M
 Heap Initial Capacity: 100M
 Heap Max Capacity: 1G
 Pre-touch: Disabled
 Parallel Workers: 4

Heap:
 PSYoungGen      total 29696K, used 6058K [0x00000000eab00000, 0x00000000ecc00000, 0x0000000100000000)
  eden space 25600K, 11% used [0x00000000eab00000,0x00000000eadc61c8,0x00000000ec400000)
  from space 4096K, 78% used [0x00000000ec400000,0x00000000ec724680,0x00000000ec800000)
  to   space 4096K, 0% used [0x00000000ec800000,0x00000000ec800000,0x00000000ecc00000)
 ParOldGen       total 68608K, used 0K [0x00000000c0000000, 0x00000000c4300000, 0x00000000eab00000)
  object space 68608K, 0% used [0x00000000c0000000,0x00000000c0000000,0x00000000c4300000)
 Metaspace       used 11611K, committed 11712K, reserved 1064960K
  class space    used 1144K, committed 1216K, reserved 1048576K

Card table byte_map: [0x0000000002a70000,0x0000000002c80000] _byte_map_base: 0x0000000002470000

Marking Bits: (ParMarkBitMap*) 0x00007ffe832e3e70
 Begin Bits: [0x0000000014d20000, 0x0000000015d20000)
 End Bits:   [0x0000000015d20000, 0x0000000016d20000)

Polling page: 0x0000000002860000

Metaspace:

Usage:
  Non-class:     10.22 MB used.
      Class:      1.12 MB used.
       Both:     11.34 MB used.

Virtual space:
  Non-class space:       16.00 MB reserved,      10.25 MB ( 64%) committed,  2 nodes.
      Class space:        1.00 GB reserved,       1.19 MB ( <1%) committed,  1 nodes.
             Both:        1.02 GB reserved,      11.44 MB (  1%) committed. 

Chunk freelists:
   Non-Class:  1.69 MB
       Class:  2.64 MB
        Both:  4.33 MB

MaxMetaspaceSize: unlimited
CompressedClassSpaceSize: 1.00 GB
Initial GC threshold: 21.00 MB
Current GC threshold: 21.00 MB
CDS: off
MetaspaceReclaimPolicy: balanced
 - commit_granule_bytes: 65536.
 - commit_granule_words: 8192.
 - virtual_space_node_default_size: 1048576.
 - enlarge_chunks_in_place: 1.
 - new_chunks_are_fully_committed: 0.
 - uncommit_free_chunks: 1.
 - use_allocation_guard: 0.
 - handle_deallocations: 1.


Internal statistics:

num_allocs_failed_limit: 0.
num_arena_births: 32.
num_arena_deaths: 0.
num_vsnodes_births: 3.
num_vsnodes_deaths: 0.
num_space_committed: 183.
num_space_uncommitted: 0.
num_chunks_returned_to_freelist: 0.
num_chunks_taken_from_freelist: 122.
num_chunk_merges: 0.
num_chunk_splits: 85.
num_chunks_enlarged: 75.
num_purges: 0.
num_inconsistent_stats: 0.

CodeHeap 'non-profiled nmethods': size=120000Kb used=387Kb max_used=387Kb free=119612Kb
 bounds [0x000000000d7f0000, 0x000000000da60000, 0x0000000014d20000]
CodeHeap 'profiled nmethods': size=120000Kb used=1783Kb max_used=1783Kb free=118216Kb
 bounds [0x0000000005d20000, 0x0000000005f90000, 0x000000000d250000]
CodeHeap 'non-nmethods': size=5760Kb used=1144Kb max_used=1170Kb free=4615Kb
 bounds [0x000000000d250000, 0x000000000d4c0000, 0x000000000d7f0000]
 total_blobs=1472 nmethods=1034 adapters=353
 compilation: enabled
              stopped_count=0, restarted_count=0
 full_count=0

Compilation events (20 events):
Event: 2.815 Thread 0x000000001711db90 1027       3       java.io.FilterInputStream::<init> (10 bytes)
Event: 2.815 Thread 0x000000001711db90 nmethod 1027 0x0000000005ed5510 code [0x0000000005ed56c0, 0x0000000005ed58b8]
Event: 2.820 Thread 0x000000001711db90 1028       3       java.net.URL::toExternalForm (9 bytes)
Event: 2.820 Thread 0x000000001711db90 nmethod 1028 0x0000000005ed5990 code [0x0000000005ed5b40, 0x0000000005ed5d08]
Event: 2.825 Thread 0x000000001711db90 1029   !   3       java.security.Provider::getService (128 bytes)
Event: 2.827 Thread 0x000000001711db90 nmethod 1029 0x0000000005ed5e10 code [0x0000000005ed6080, 0x0000000005ed6cc8]
Event: 2.830 Thread 0x000000001711db90 1030   !   3       java.util.jar.JarVerifier::processEntry (440 bytes)
Event: 2.834 Thread 0x000000001711db90 nmethod 1030 0x0000000005ed7110 code [0x0000000005ed75e0, 0x0000000005ed9c88]
Event: 2.836 Thread 0x000000001711db90 1031       3       java.io.DataInputStream::readInt (72 bytes)
Event: 2.836 Thread 0x000000001711db90 nmethod 1031 0x0000000005edaf90 code [0x0000000005edb180, 0x0000000005edb688]
Event: 2.836 Thread 0x000000001711db90 1032       3       org.eclipse.osgi.container.ModuleDatabase$Persistence::readIndexedString (18 bytes)
Event: 2.836 Thread 0x0000000018d10560 1034       4       java.io.DataInputStream::readUTF (501 bytes)
Event: 2.838 Thread 0x000000001711db90 nmethod 1032 0x0000000005edb890 code [0x0000000005edba40, 0x0000000005edbbe8]
Event: 2.838 Thread 0x000000001711db90 1033       3       org.eclipse.osgi.container.ModuleDatabase$Persistence::readString0 (98 bytes)
Event: 2.839 Thread 0x000000001711db90 nmethod 1033 0x0000000005edbd10 code [0x0000000005edbf80, 0x0000000005edc988]
Event: 2.844 Thread 0x000000001711db90 1036       3       org.eclipse.osgi.container.ModuleDatabase$Persistence::addToReadTable (70 bytes)
Event: 2.845 Thread 0x000000001711db90 nmethod 1036 0x0000000005edcd10 code [0x0000000005edcf40, 0x0000000005edd708]
Event: 2.859 Thread 0x000000001711db90 1038       3       java.io.DataInputStream::readByte (23 bytes)
Event: 2.859 Thread 0x000000001711db90 nmethod 1038 0x0000000005edd890 code [0x0000000005edda40, 0x0000000005eddcd8]
Event: 2.859 Thread 0x000000001711db90 1039       3       java.lang.String::toCharArray (25 bytes)

GC Heap History (2 events):
Event: 2.669 GC heap before
{Heap before GC invocations=1 (full 0):
 PSYoungGen      total 29696K, used 25600K [0x00000000eab00000, 0x00000000ecc00000, 0x0000000100000000)
  eden space 25600K, 100% used [0x00000000eab00000,0x00000000ec400000,0x00000000ec400000)
  from space 4096K, 0% used [0x00000000ec800000,0x00000000ec800000,0x00000000ecc00000)
  to   space 4096K, 0% used [0x00000000ec400000,0x00000000ec400000,0x00000000ec800000)
 ParOldGen       total 68608K, used 0K [0x00000000c0000000, 0x00000000c4300000, 0x00000000eab00000)
  object space 68608K, 0% used [0x00000000c0000000,0x00000000c0000000,0x00000000c4300000)
 Metaspace       used 11112K, committed 11328K, reserved 1064960K
  class space    used 1104K, committed 1216K, reserved 1048576K
}
Event: 2.695 GC heap after
{Heap after GC invocations=1 (full 0):
 PSYoungGen      total 29696K, used 3217K [0x00000000eab00000, 0x00000000ecc00000, 0x0000000100000000)
  eden space 25600K, 0% used [0x00000000eab00000,0x00000000eab00000,0x00000000ec400000)
  from space 4096K, 78% used [0x00000000ec400000,0x00000000ec724680,0x00000000ec800000)
  to   space 4096K, 0% used [0x00000000ec800000,0x00000000ec800000,0x00000000ecc00000)
 ParOldGen       total 68608K, used 0K [0x00000000c0000000, 0x00000000c4300000, 0x00000000eab00000)
  object space 68608K, 0% used [0x00000000c0000000,0x00000000c0000000,0x00000000c4300000)
 Metaspace       used 11112K, committed 11328K, reserved 1064960K
  class space    used 1104K, committed 1216K, reserved 1048576K
}

Dll operation events (8 events):
Event: 0.016 Loaded shared library c:\Users\Eriq\.vscode\extensions\redhat.java-1.15.0-win32-x64\jre\17.0.6-win32-x86_64\bin\java.dll
Event: 0.856 Loaded shared library c:\Users\Eriq\.vscode\extensions\redhat.java-1.15.0-win32-x64\jre\17.0.6-win32-x86_64\bin\zip.dll
Event: 0.860 Loaded shared library C:\Users\Eriq\.vscode\extensions\redhat.java-1.15.0-win32-x64\jre\17.0.6-win32-x86_64\bin\instrument.dll
Event: 0.899 Loaded shared library C:\Users\Eriq\.vscode\extensions\redhat.java-1.15.0-win32-x64\jre\17.0.6-win32-x86_64\bin\net.dll
Event: 0.903 Loaded shared library C:\Users\Eriq\.vscode\extensions\redhat.java-1.15.0-win32-x64\jre\17.0.6-win32-x86_64\bin\nio.dll
Event: 0.925 Loaded shared library C:\Users\Eriq\.vscode\extensions\redhat.java-1.15.0-win32-x64\jre\17.0.6-win32-x86_64\bin\zip.dll
Event: 0.984 Loaded shared library C:\Users\Eriq\.vscode\extensions\redhat.java-1.15.0-win32-x64\jre\17.0.6-win32-x86_64\bin\jimage.dll
Event: 1.135 Loaded shared library c:\Users\Eriq\.vscode\extensions\redhat.java-1.15.0-win32-x64\jre\17.0.6-win32-x86_64\bin\verify.dll

Deoptimization events (20 events):
Event: 2.418 Thread 0x00000000030d48f0 DEOPT PACKING pc=0x000000000d8217e8 sp=0x00000000027de650
Event: 2.418 Thread 0x00000000030d48f0 DEOPT UNPACKING pc=0x000000000d2a66a3 sp=0x00000000027de598 mode 2
Event: 2.418 Thread 0x00000000030d48f0 Uncommon trap: trap_request=0xffffff45 fr.pc=0x000000000d83e060 relative=0x0000000000000240
Event: 2.418 Thread 0x00000000030d48f0 Uncommon trap: reason=unstable_if action=reinterpret pc=0x000000000d83e060 method=java.util.HashMap.hash(Ljava/lang/Object;)I @ 1 c2
Event: 2.418 Thread 0x00000000030d48f0 DEOPT PACKING pc=0x000000000d83e060 sp=0x00000000027de600
Event: 2.418 Thread 0x00000000030d48f0 DEOPT UNPACKING pc=0x000000000d2a66a3 sp=0x00000000027de498 mode 2
Event: 2.418 Thread 0x00000000030d48f0 Uncommon trap: trap_request=0xffffff45 fr.pc=0x000000000d830240 relative=0x0000000000000280
Event: 2.418 Thread 0x00000000030d48f0 Uncommon trap: reason=unstable_if action=reinterpret pc=0x000000000d830240 method=java.util.HashMap.hash(Ljava/lang/Object;)I @ 1 c2
Event: 2.418 Thread 0x00000000030d48f0 DEOPT PACKING pc=0x000000000d830240 sp=0x00000000027de690
Event: 2.418 Thread 0x00000000030d48f0 DEOPT UNPACKING pc=0x000000000d2a66a3 sp=0x00000000027de5a8 mode 2
Event: 2.418 Thread 0x00000000030d48f0 Uncommon trap: trap_request=0xffffffde fr.pc=0x000000000d8217e8 relative=0x0000000000000508
Event: 2.418 Thread 0x00000000030d48f0 Uncommon trap: reason=class_check action=maybe_recompile pc=0x000000000d8217e8 method=java.util.Collections$UnmodifiableCollection$1.<init>(Ljava/util/Collections$UnmodifiableCollection;)V @ 17 c2
Event: 2.418 Thread 0x00000000030d48f0 DEOPT PACKING pc=0x000000000d8217e8 sp=0x00000000027de650
Event: 2.418 Thread 0x00000000030d48f0 DEOPT UNPACKING pc=0x000000000d2a66a3 sp=0x00000000027de598 mode 2
Event: 2.418 Thread 0x00000000030d48f0 Uncommon trap: trap_request=0xffffff45 fr.pc=0x000000000d82e894 relative=0x0000000000000094
Event: 2.418 Thread 0x00000000030d48f0 Uncommon trap: reason=unstable_if action=reinterpret pc=0x000000000d82e894 method=java.util.HashMap.hash(Ljava/lang/Object;)I @ 1 c2
Event: 2.418 Thread 0x00000000030d48f0 DEOPT PACKING pc=0x000000000d82e894 sp=0x00000000027de500
Event: 2.418 Thread 0x00000000030d48f0 DEOPT UNPACKING pc=0x000000000d2a66a3 sp=0x00000000027de498 mode 2
Event: 2.653 Thread 0x00000000030d48f0 DEOPT PACKING pc=0x0000000005d6b5a2 sp=0x00000000027da000
Event: 2.653 Thread 0x00000000030d48f0 DEOPT UNPACKING pc=0x000000000d2a6e43 sp=0x00000000027d9460 mode 0

Classes unloaded (0 events):
No events

Classes redefined (0 events):
No events

Internal exceptions (20 events):
Event: 1.814 Thread 0x00000000030d48f0 Exception <a 'java/io/FileNotFoundException'{0x00000000eb794528}> (0x00000000eb794528) 
thrown [s\src\hotspot\share\prims\jni.cpp, line 516]
Event: 1.815 Thread 0x00000000030d48f0 Exception <a 'java/io/FileNotFoundException'{0x00000000eb795648}> (0x00000000eb795648) 
thrown [s\src\hotspot\share\prims\jni.cpp, line 516]
Event: 1.816 Thread 0x00000000030d48f0 Exception <a 'java/io/FileNotFoundException'{0x00000000eb796760}> (0x00000000eb796760) 
thrown [s\src\hotspot\share\prims\jni.cpp, line 516]
Event: 1.816 Thread 0x00000000030d48f0 Exception <a 'java/io/FileNotFoundException'{0x00000000eb797848}> (0x00000000eb797848) 
thrown [s\src\hotspot\share\prims\jni.cpp, line 516]
Event: 1.831 Thread 0x00000000030d48f0 Exception <a 'java/io/FileNotFoundException'{0x00000000eb7d63c8}> (0x00000000eb7d63c8) 
thrown [s\src\hotspot\share\prims\jni.cpp, line 516]
Event: 2.292 Thread 0x00000000030d48f0 Exception <a 'java/lang/ClassNotFoundException'{0x00000000ebfcb288}: sun/net/www/protocol/c/Handler> (0x00000000ebfcb288) 
thrown [s\src\hotspot\share\classfile\systemDictionary.cpp, line 256]
Event: 2.293 Thread 0x00000000030d48f0 Exception <a 'java/lang/ClassNotFoundException'{0x00000000ebfcc610}: sun/net/www/protocol/h/Handler> (0x00000000ebfcc610) 
thrown [s\src\hotspot\share\classfile\systemDictionary.cpp, line 256]
Event: 2.293 Thread 0x00000000030d48f0 Exception <a 'java/lang/ClassNotFoundException'{0x00000000ebfcd800}: sun/net/www/protocol/c/Handler> (0x00000000ebfcd800) 
thrown [s\src\hotspot\share\classfile\systemDictionary.cpp, line 256]
Event: 2.306 Thread 0x00000000030d48f0 Exception <a 'java/io/FileNotFoundException'{0x00000000ebff3da0}> (0x00000000ebff3da0) 
thrown [s\src\hotspot\share\prims\jni.cpp, line 516]
Event: 2.417 Thread 0x00000000030d48f0 Implicit null exception at 0x000000000d82cbbb to 0x000000000d82d494
Event: 2.418 Thread 0x00000000030d48f0 Implicit null exception at 0x000000000d83de6c to 0x000000000d83e048
Event: 2.418 Thread 0x00000000030d48f0 Implicit null exception at 0x000000000d83000c to 0x000000000d830224
Event: 2.418 Thread 0x00000000030d48f0 Implicit null exception at 0x000000000d82e80f to 0x000000000d82e885
Event: 2.557 Thread 0x00000000030d48f0 Exception <a 'java/lang/NoSuchMethodError'{0x00000000ec2c00c0}: 'int java.lang.invoke.DirectMethodHandle$Holder.invokeStaticInit(java.lang.Object, java.lang.Object, java.lang.Object, java.lang.Object)'> (0x00000000ec2c00c0) 
thrown [s\src\hotspot\share\interpreter\linkResolver.cpp, line 759]
Event: 2.563 Thread 0x00000000030d48f0 Exception <a 'java/lang/NoSuchMethodError'{0x00000000ec2ca730}: 'java.lang.Object java.lang.invoke.DirectMethodHandle$Holder.invokeInterface(java.lang.Object, java.lang.Object)'> (0x00000000ec2ca730) 
thrown [s\src\hotspot\share\interpreter\linkResolver.cpp, line 759]
Event: 2.563 Thread 0x00000000030d48f0 Exception <a 'java/lang/IncompatibleClassChangeError'{0x00000000ec2cdf28}: Found class java.lang.Object, but interface was expected> (0x00000000ec2cdf28) 
thrown [s\src\hotspot\share\interpreter\linkResolver.cpp, line 826]
Event: 2.564 Thread 0x00000000030d48f0 Exception <a 'java/lang/NoSuchMethodError'{0x00000000ec2d2420}: 'void java.lang.invoke.DirectMethodHandle$Holder.invokeStatic(java.lang.Object, java.lang.Object)'> (0x00000000ec2d2420) 
thrown [s\src\hotspot\share\interpreter\linkResolver.cpp, line 759]
Event: 2.565 Thread 0x00000000030d48f0 Exception <a 'java/lang/NoSuchMethodError'{0x00000000ec2d5c20}: 'void java.lang.invoke.DirectMethodHandle$Holder.invokeStaticInit(java.lang.Object, java.lang.Object)'> (0x00000000ec2d5c20) 
thrown [s\src\hotspot\share\interpreter\linkResolver.cpp, line 759]
Event: 2.567 Thread 0x00000000030d48f0 Exception <a 'java/lang/NoSuchMethodError'{0x00000000ec2dd038}: 'int java.lang.invoke.DirectMethodHandle$Holder.invokeStaticInit(java.lang.Object, java.lang.Object)'> (0x00000000ec2dd038) 
thrown [s\src\hotspot\share\interpreter\linkResolver.cpp, line 759]
Event: 2.698 Thread 0x00000000030d48f0 Exception <a 'java/lang/NoSuchMethodError'{0x00000000eab1fb30}: 'void java.lang.invoke.DirectMethodHandle$Holder.invokeSpecial(java.lang.Object, java.lang.Object, java.lang.Object)'> (0x00000000eab1fb30) 
thrown [s\src\hotspot\share\interpreter\linkResolver.cpp, line 759]

VM Operations (12 events):
Event: 0.797 Executing VM operation: HandshakeAllThreads
Event: 0.797 Executing VM operation: HandshakeAllThreads done
Event: 1.719 Executing VM operation: HandshakeAllThreads
Event: 1.719 Executing VM operation: HandshakeAllThreads done
Event: 1.719 Executing VM operation: Cleanup
Event: 1.719 Executing VM operation: Cleanup done
Event: 1.787 Executing VM operation: HandshakeAllThreads
Event: 1.787 Executing VM operation: HandshakeAllThreads done
Event: 2.263 Executing VM operation: HandshakeAllThreads
Event: 2.263 Executing VM operation: HandshakeAllThreads done
Event: 2.669 Executing VM operation: ParallelGCFailedAllocation
Event: 2.695 Executing VM operation: ParallelGCFailedAllocation done

Events (20 events):
Event: 2.784 loading class java/util/AbstractQueue done
Event: 2.785 loading class java/util/concurrent/SynchronousQueue done
Event: 2.785 loading class java/util/concurrent/SynchronousQueue$TransferStack
Event: 2.790 loading class java/util/concurrent/SynchronousQueue$Transferer
Event: 2.791 loading class java/util/concurrent/SynchronousQueue$Transferer done
Event: 2.791 loading class java/util/concurrent/SynchronousQueue$TransferStack done
Event: 2.791 loading class java/util/concurrent/SynchronousQueue$TransferStack$SNode
Event: 2.791 loading class java/util/concurrent/ForkJoinPool$ManagedBlocker
Event: 2.791 loading class java/util/concurrent/ForkJoinPool$ManagedBlocker done
Event: 2.791 loading class java/util/concurrent/SynchronousQueue$TransferStack$SNode done
Event: 2.793 loading class java/util/concurrent/RejectedExecutionHandler
Event: 2.793 loading class java/util/concurrent/RejectedExecutionHandler done
Event: 2.793 loading class java/util/concurrent/LinkedBlockingQueue
Event: 2.793 loading class java/util/concurrent/LinkedBlockingQueue done
Event: 2.793 loading class java/util/concurrent/LinkedBlockingQueue$Node
Event: 2.794 loading class java/util/concurrent/LinkedBlockingQueue$Node done
Event: 2.816 loading class java/util/concurrent/Semaphore$NonfairSync
Event: 2.816 loading class java/util/concurrent/Semaphore$Sync
Event: 2.816 loading class java/util/concurrent/Semaphore$Sync done
Event: 2.816 loading class java/util/concurrent/Semaphore$NonfairSync done


Dynamic libraries:
0x0000000140000000 - 0x000000014009c000 	c:\Users\Eriq\.vscode\extensions\redhat.java-1.15.0-win32-x64\jre\17.0.6-win32-x86_64\bin\java.exe
0x00007ffed84f0000 - 0x00007ffed86e8000 	C:\WINDOWS\SYSTEM32\ntdll.dll
0x00007ffed6820000 - 0x00007ffed68df000 	C:\WINDOWS\System32\KERNEL32.DLL
0x00007ffed5e40000 - 0x00007ffed6136000 	C:\WINDOWS\System32\KERNELBASE.dll
0x00007ffed63c0000 - 0x00007ffed64c0000 	C:\WINDOWS\System32\ucrtbase.dll
0x00007ffecfc90000 - 0x00007ffecfca7000 	c:\Users\Eriq\.vscode\extensions\redhat.java-1.15.0-win32-x64\jre\17.0.6-win32-x86_64\bin\jli.dll
0x00007ffed6550000 - 0x00007ffed66ed000 	C:\WINDOWS\System32\USER32.dll
0x00007ffed6140000 - 0x00007ffed6162000 	C:\WINDOWS\System32\win32u.dll
0x00007ffed8180000 - 0x00007ffed81ac000 	C:\WINDOWS\System32\GDI32.dll
0x00007ffed62a0000 - 0x00007ffed63b5000 	C:\WINDOWS\System32\gdi32full.dll
0x00007ffed5da0000 - 0x00007ffed5e3d000 	C:\WINDOWS\System32\msvcp_win.dll
0x00007ffececd0000 - 0x00007ffecece9000 	c:\Users\Eriq\.vscode\extensions\redhat.java-1.15.0-win32-x64\jre\17.0.6-win32-x86_64\bin\VCRUNTIME140.dll
0x00007ffec4430000 - 0x00007ffec46ca000 	C:\WINDOWS\WinSxS\amd64_microsoft.windows.common-controls_6595b64144ccf1df_6.0.19041.1110_none_60b5254171f9507e\COMCTL32.dll
0x00007ffed83b0000 - 0x00007ffed844e000 	C:\WINDOWS\System32\msvcrt.dll
0x00007ffed8360000 - 0x00007ffed8390000 	C:\WINDOWS\System32\IMM32.DLL
0x00007ffed68e0000 - 0x00007ffed698f000 	C:\WINDOWS\System32\ADVAPI32.dll
0x00007ffed69f0000 - 0x00007ffed6a8c000 	C:\WINDOWS\System32\sechost.dll
0x00007ffed7610000 - 0x00007ffed7736000 	C:\WINDOWS\System32\RPCRT4.dll
0x00007ffecd420000 - 0x00007ffecd52a000 	C:\WINDOWS\SYSTEM32\WINHTTP.dll
0x00007ffed5bd0000 - 0x00007ffed5d2e000 	C:\WINDOWS\System32\CRYPT32.dll
0x00007ffecd400000 - 0x00007ffecd41d000 	C:\WINDOWS\SYSTEM32\MPR.dll
0x00007ffecd3f0000 - 0x00007ffecd3fc000 	C:\WINDOWS\SYSTEM32\Secur32.dll
0x00007ffed5a90000 - 0x00007ffed5ac2000 	C:\WINDOWS\SYSTEM32\SSPICLI.DLL
0x00007ffed81b0000 - 0x00007ffed8205000 	C:\WINDOWS\System32\SHLWAPI.dll
0x00007ffed50b0000 - 0x00007ffed517a000 	C:\WINDOWS\SYSTEM32\DNSAPI.dll
0x00007ffed5020000 - 0x00007ffed505c000 	C:\WINDOWS\SYSTEM32\IPHLPAPI.DLL
0x00007ffed6700000 - 0x00007ffed6708000 	C:\WINDOWS\System32\NSI.dll
0x00007ffecf110000 - 0x00007ffecf11c000 	c:\Users\Eriq\.vscode\extensions\redhat.java-1.15.0-win32-x64\jre\17.0.6-win32-x86_64\bin\vcruntime140_1.dll
0x00007ffec1ad0000 - 0x00007ffec1b61000 	c:\Users\Eriq\.vscode\extensions\redhat.java-1.15.0-win32-x64\jre\17.0.6-win32-x86_64\bin\msvcp140.dll
0x00007ffe82760000 - 0x00007ffe833a7000 	c:\Users\Eriq\.vscode\extensions\redhat.java-1.15.0-win32-x64\jre\17.0.6-win32-x86_64\bin\server\jvm.dll
0x00007ffec7870000 - 0x00007ffec7879000 	C:\WINDOWS\SYSTEM32\WSOCK32.dll
0x00007ffed8210000 - 0x00007ffed827b000 	C:\WINDOWS\System32\WS2_32.dll
0x00007ffecc5f0000 - 0x00007ffecc617000 	C:\WINDOWS\SYSTEM32\WINMM.dll
0x00007ffecc690000 - 0x00007ffecc69a000 	C:\WINDOWS\SYSTEM32\VERSION.dll
0x00007ffed4d50000 - 0x00007ffed4d83000 	C:\WINDOWS\SYSTEM32\ntmarta.dll
0x00007ffed4410000 - 0x00007ffed4422000 	C:\WINDOWS\SYSTEM32\kernel.appcore.dll
0x00007ffecee80000 - 0x00007ffecee8a000 	c:\Users\Eriq\.vscode\extensions\redhat.java-1.15.0-win32-x64\jre\17.0.6-win32-x86_64\bin\jimage.dll
0x00007ffed40e0000 - 0x00007ffed42c4000 	C:\WINDOWS\SYSTEM32\DBGHELP.DLL
0x00007ffeba3a0000 - 0x00007ffeba3d4000 	C:\WINDOWS\SYSTEM32\dbgcore.DLL
0x00007ffed64c0000 - 0x00007ffed6542000 	C:\WINDOWS\System32\bcryptPrimitives.dll
0x00007ffececc0000 - 0x00007ffececce000 	c:\Users\Eriq\.vscode\extensions\redhat.java-1.15.0-win32-x64\jre\17.0.6-win32-x86_64\bin\instrument.dll
0x00007ffeceb70000 - 0x00007ffeceb95000 	c:\Users\Eriq\.vscode\extensions\redhat.java-1.15.0-win32-x64\jre\17.0.6-win32-x86_64\bin\java.dll
0x00007ffeceb50000 - 0x00007ffeceb68000 	c:\Users\Eriq\.vscode\extensions\redhat.java-1.15.0-win32-x64\jre\17.0.6-win32-x86_64\bin\zip.dll
0x00007ffed7980000 - 0x00007ffed80c4000 	C:\WINDOWS\System32\SHELL32.dll
0x00007ffed3870000 - 0x00007ffed4003000 	C:\WINDOWS\SYSTEM32\windows.storage.dll
0x00007ffed6aa0000 - 0x00007ffed6df4000 	C:\WINDOWS\System32\combase.dll
0x00007ffed5620000 - 0x00007ffed564e000 	C:\WINDOWS\SYSTEM32\Wldp.dll
0x00007ffed6770000 - 0x00007ffed681d000 	C:\WINDOWS\System32\SHCORE.dll
0x00007ffed5b10000 - 0x00007ffed5b2f000 	C:\WINDOWS\SYSTEM32\profapi.dll
0x00007ffec8980000 - 0x00007ffec8999000 	C:\Users\Eriq\.vscode\extensions\redhat.java-1.15.0-win32-x64\jre\17.0.6-win32-x86_64\bin\net.dll
0x00007ffed5380000 - 0x00007ffed53ea000 	C:\WINDOWS\system32\mswsock.dll
0x00007ffec8870000 - 0x00007ffec8885000 	C:\Users\Eriq\.vscode\extensions\redhat.java-1.15.0-win32-x64\jre\17.0.6-win32-x86_64\bin\nio.dll
0x00007ffecec80000 - 0x00007ffecec90000 	c:\Users\Eriq\.vscode\extensions\redhat.java-1.15.0-win32-x64\jre\17.0.6-win32-x86_64\bin\verify.dll

dbghelp: loaded successfully - version: 4.0.5 - missing functions: none
symbol engine: initialized successfully - sym options: 0x614 - pdb path: .;c:\Users\Eriq\.vscode\extensions\redhat.java-1.15.0-win32-x64\jre\17.0.6-win32-x86_64\bin;C:\WINDOWS\SYSTEM32;C:\WINDOWS\WinSxS\amd64_microsoft.windows.common-controls_6595b64144ccf1df_6.0.19041.1110_none_60b5254171f9507e;c:\Users\Eriq\.vscode\extensions\redhat.java-1.15.0-win32-x64\jre\17.0.6-win32-x86_64\bin\server

VM Arguments:
jvm_args: --add-modules=ALL-SYSTEM --add-opens=java.base/java.util=ALL-UNNAMED --add-opens=java.base/java.lang=ALL-UNNAMED --add-opens=java.base/sun.nio.fs=ALL-UNNAMED -Declipse.application=org.eclipse.jdt.ls.core.id1 -Dosgi.bundles.defaultStartLevel=4 -Declipse.product=org.eclipse.jdt.ls.core.product -Djava.import.generatesMetadataFilesAtProjectRoot=false -Dfile.encoding=utf8 -XX:+UseParallelGC -XX:GCTimeRatio=4 -XX:AdaptiveSizePolicyWeight=90 -Dsun.zip.disableMemoryMapping=true -Xmx1G -Xms100m -Xlog:disable -javaagent:c:\Users\Eriq\.vscode\extensions\redhat.java-1.15.0-win32-x64\lombok\lombok-1.18.24.jar -XX:+HeapDumpOnOutOfMemoryError -XX:HeapDumpPath=c:\Users\Eriq\AppData\Roaming\Code\User\workspaceStorage\bd0bf6aaf0f4a45f9e5560647edf1e36\redhat.java 
java_command: c:\Users\Eriq\.vscode\extensions\redhat.java-1.15.0-win32-x64\server\plugins\org.eclipse.equinox.launcher_1.6.400.v20210924-0641.jar -configuration c:\Users\Eriq\AppData\Roaming\Code\User\globalStorage\redhat.java\1.15.0\config_win -data c:\Users\Eriq\AppData\Roaming\Code\User\workspaceStorage\bd0bf6aaf0f4a45f9e5560647edf1e36\redhat.java\jdt_ws
java_class_path (initial): c:\Users\Eriq\.vscode\extensions\redhat.java-1.15.0-win32-x64\server\plugins\org.eclipse.equinox.launcher_1.6.400.v20210924-0641.jar
Launcher Type: SUN_STANDARD

[Global flags]
    uintx AdaptiveSizePolicyWeight                 = 90                                        {product} {command line}
     intx CICompilerCount                          = 3                                         {product} {ergonomic}
    uintx GCTimeRatio                              = 4                                         {product} {command line}
     bool HeapDumpOnOutOfMemoryError               = true                                   {manageable} {command line}
    ccstr HeapDumpPath                             = c:\Users\Eriq\AppData\Roaming\Code\User\workspaceStorage\bd0bf6aaf0f4a45f9e5560647edf1e36\redhat.java         {manageable} {command line}
   size_t InitialHeapSize                          = 104857600                                 {product} {command line}
   size_t MaxHeapSize                              = 1073741824                                {product} {command line}
   size_t MaxNewSize                               = 357564416                                 {product} {ergonomic}
   size_t MinHeapDeltaBytes                        = 524288                                    {product} {ergonomic}
   size_t MinHeapSize                              = 104857600                                 {product} {command line}
   size_t NewSize                                  = 34603008                                  {product} {ergonomic}
    uintx NonNMethodCodeHeapSize                   = 5832780                                {pd product} {ergonomic}
    uintx NonProfiledCodeHeapSize                  = 122912730                              {pd product} {ergonomic}
   size_t OldSize                                  = 70254592                                  {product} {ergonomic}
    uintx ProfiledCodeHeapSize                     = 122912730                              {pd product} {ergonomic}
    uintx ReservedCodeCacheSize                    = 251658240                              {pd product} {ergonomic}
     bool SegmentedCodeCache                       = true                                      {product} {ergonomic}
   size_t SoftMaxHeapSize                          = 1073741824                             {manageable} {ergonomic}
     bool UseCompressedClassPointers               = true                           {product lp64_product} {ergonomic}
     bool UseCompressedOops                        = true                           {product lp64_product} {ergonomic}
     bool UseLargePagesIndividualAllocation        = false                                  {pd product} {ergonomic}
     bool UseParallelGC                            = true                                      {product} {command line}

Logging:
Log output configuration:
 #0: stdout all=off uptime,level,tags
 #1: stderr all=off uptime,level,tags

Environment Variables:
JAVA_HOME=C:\Program Files\Java\jdk1.8.0_251
CLASSPATH=.;H:\Eriq_RohWeltall\Prog\Java\Java_Drivers\tika-app-2.5.0.jar;H:\Eriq_RohWeltall\Prog\Java\Java_Drivers\postgresql-42.5.0.jar;H:\Eriq_RohWeltall\Prog\Java\Java_Drivers\ojdbc6.jar;H:\Eriq_RohWeltall\Prog\Java\Java_Drivers\servlet-api.jar;H:\Eriq_RohWeltall\Prog\Java\Java_Drivers\jlayer-1.0.1.jar;
PATH=C:\Program Files\Python310\Scripts\;C:\Program Files\Python310\;C:\Program Files (x86)\Common Files\Oracle\Java\javapath;H:\ORACLE\product\11.2.0\dbhome_1\bin;C:\Program Files\Java\jdk-17.0.2.8-hotspot\bin;C:\WINDOWS\system32;C:\WINDOWS;C:\WINDOWS\System32\Wbem;C:\WINDOWS\System32\WindowsPowerShell\v1.0\;C:\WINDOWS\System32\OpenSSH\;H:\Eriq_RohWeltall\apache-tomcat-8\bin;C:\Program Files\Java\jdk1.8.0_251\bin;C:\Program Files\dotnet\;C:\Program Files (x86)\Microsoft SQL Server\160\Tools\Binn\;C:\Program Files\Microsoft SQL Server\160\Tools\Binn\;C:\Program Files\Microsoft SQL Server\Client SDK\ODBC\170\Tools\Binn\;C:\Program Files\Microsoft SQL Server\160\DTS\Binn\;C:\Program Files (x86)\Microsoft SQL Server\160\DTS\Binn\;C:\Program Files\Azure Data Studio\bin;C:\Program Files\Git\cmd;C:\Program Files\Microsoft SQL Server\150\Tools\Binn\;C:\Users\Eriq\AppData\Local\Microsoft\WindowsApps;C:\Users\Eriq\AppData\Local\Programs\Microsoft VS Code\bin;C:\Users\Eriq\.dotnet\tools;C:\Program Files\Azure Data Studio\bin
USERNAME=Eriq
OS=Windows_NT
PROCESSOR_IDENTIFIER=Intel64 Family 6 Model 69 Stepping 1, GenuineIntel
TMP=C:\Users\Eriq\AppData\Local\Temp
TEMP=C:\Users\Eriq\AppData\Local\Temp



---------------  S Y S T E M  ---------------

OS:
 Windows 10 , 64 bit Build 19041 (10.0.19041.3031)
OS uptime: 0 days 4:03 hours

CPU: total 4 (initial active 4) (2 cores per cpu, 2 threads per core) family 6 model 69 stepping 1 microcode 0x25, cx8, cmov, fxsr, ht, mmx, sse, sse2, sse3, ssse3, sse4.1, sse4.2, popcnt, lzcnt, tsc, tscinvbit, avx, avx2, aes, erms, clmul, bmi1, bmi2, fma, vzeroupper, clflush

Memory: 4k page, system-wide physical 8075M (1344M free)
TotalPageFile size 22414M (AvailPageFile size 5M)
current process WorkingSet (physical memory assigned to process): 79M, peak: 79M
current process commit charge ("private bytes"): 189M, peak: 190M

vm_info: OpenJDK 64-Bit Server VM (17.0.6+10) for windows-amd64 JRE (17.0.6+10), built on Jan 18 2023 10:08:59 by "temurin" with MS VC++ 16.7 (VS2019)

END.
